Scenario - 
Logfile written - 11/05/2018 21:42:24

Subject	Trial	Event Type	Code	Time	TTime	Uncertainty	Duration	Uncertainty	ReqTime	ReqDur	Stim Type	Pair Index

01	1	Picture	!Start EXP	13672	0	1	6003	1	0	next	other	0
01	1	Response	3	19505	5833	0
01	2	Response	3	23505	3830	0
01	3	Picture	===Block Change===	23676	0	1	4002	1	0	next	other	0
01	3	Response	3	27105	3428	0
01	4	Response	3	37506	9827	0
01	5	Picture	---fixation---	37682	0	1	1667	1	0	5000	other	0
01	6	Picture	mf	39683	80	1	167	1	80	next	miss	0
01	8	Picture	---fixation---	44185	0	1	1667	1	0	6000	other	0
01	9	Picture	mfsi	46353	402	1	167	1	80	next	miss	0
01	10	Response	1	50625	938	0
01	11	Picture	---fixation---	50855	0	1	1667	1	0	5000	other	0
01	12	Picture	mnsd	52855	301	1	167	1	80	next	miss	0
01	14	Picture	---fixation---	57524	0	1	2334	1	0	5000	other	0
01	14	Response	1	57745	221	0
01	15	Picture	mfsi	60359	388	1	167	1	80	next	hit	17
01	15	Response	1	61427	1457	0
01	15	Response	1	63027	3057	0
01	16	Response	1	64625	1099	0
01	17	Picture	---fixation---	64694	0	1	2334	1	0	6000	other	0
01	17	Response	1	66161	1467	209
01	18	Picture	mnsd	67528	447	1	167	1	80	next	incorrect	23
01	18	Response	1	68068	987	0
01	18	Response	1	69666	2585	0
01	20	Picture	---fixation---	72030	0	1	2001	1	0	4000	other	0
01	21	Picture	mfsi	74531	440	1	167	1	80	next	miss	0
01	23	Picture	---fixation---	79033	0	1	1834	1	0	6000	other	0
01	24	Picture	mn	81201	80	1	167	1	80	next	miss	0
01	26	Picture	---fixation---	86036	0	1	2001	1	0	4000	other	0
01	27	Picture	mnsi	88537	427	1	167	1	80	next	miss	0
01	29	Picture	---fixation---	92706	0	1	1667	1	0	4000	other	0
01	30	Picture	mn	94706	80	1	167	1	80	next	miss	0
01	32	Picture	---fixation---	99375	0	1	1501	1	0	4000	other	0
01	33	Picture	mnsi	101209	299	1	167	1	80	next	miss	0
01	34	Picture	+++relax+++	104711	0	1	17341	1	0	next	other	0
01	34	Response	3	121909	17198	0
01	35	Picture	---fixation---	122051	0	1	1667	1	0	4000	other	0
01	36	Picture	mn	124052	80	1	167	1	80	next	miss	0
01	38	Picture	---fixation---	128888	0	1	1667	1	0	5000	other	0
01	39	Picture	mfsi	131055	380	1	167	1	80	next	miss	0
01	41	Picture	---fixation---	135557	0	1	1834	1	0	6000	other	0
01	42	Picture	mnsd	137891	410	1	167	1	80	next	miss	0
01	44	Picture	---fixation---	142060	0	1	2168	1	0	5000	other	0
01	45	Picture	mnsi	144728	440	1	167	1	80	next	miss	0
01	47	Picture	---fixation---	148896	0	1	1834	1	0	5000	other	0
01	48	Picture	mfsd	151230	441	1	167	1	80	next	miss	0
01	50	Picture	---fixation---	155732	0	1	1667	1	0	4000	other	0
01	51	Picture	mnsd	157900	406	1	167	1	80	next	miss	0
01	53	Picture	---fixation---	162068	0	1	2001	1	0	4000	other	0
01	54	Picture	mf	164403	80	1	167	1	80	next	miss	0
01	56	Picture	---fixation---	169071	0	1	1501	1	0	4000	other	0
01	57	Picture	mfsd	170905	306	1	167	1	80	next	miss	0
01	59	Picture	---fixation---	175240	0	1	2001	1	0	5000	other	0
01	60	Picture	mf	177575	80	1	167	1	80	next	miss	0
01	62	Picture	---fixation---	182243	0	1	1501	1	0	4000	other	0
01	63	Picture	mfsi	184244	439	1	167	1	80	next	miss	0
01	65	Picture	===Block Change===	188579	0	1	14840	1	0	next	other	0
01	65	Response	3	203345	14765	0
01	66	Picture	---fixation---	203419	0	1	1334	1	0	6000	other	0
01	67	Picture	mfsi	205086	253	1	167	1	80	next	miss	0
01	69	Picture	---fixation---	209422	0	1	1834	1	0	4000	other	0
01	70	Picture	mfsi	211589	254	1	167	1	80	next	miss	0
01	72	Picture	---fixation---	215924	0	1	1501	1	0	5000	other	0
01	73	Picture	mnsd	217758	226	1	167	1	80	next	miss	0
01	75	Picture	---fixation---	222094	0	1	1334	1	0	4000	other	0
01	76	Picture	mnsi	223761	235	1	167	1	80	next	miss	0
01	78	Picture	---fixation---	228096	0	1	1501	1	0	5000	other	0
01	79	Picture	mnsd	230097	374	1	167	1	80	next	miss	0
01	81	Picture	---fixation---	234265	0	1	1501	1	0	5000	other	0
01	82	Picture	mnsi	236099	281	1	167	1	80	next	miss	0
01	84	Picture	---fixation---	240601	0	1	1667	1	0	6000	other	0
01	85	Sound	sd	242095	0	1			0		miss	0
01	87	Picture	---fixation---	246771	0	1	1501	1	0	6000	other	0
01	88	Sound	sd	248190	0	1			0		miss	0
01	90	Picture	---fixation---	252773	0	1	1667	1	0	5000	other	0
01	91	Picture	mfsi	254774	264	1	167	1	80	next	miss	0
01	93	Picture	---fixation---	259276	0	1	1667	1	0	6000	other	0
01	94	Picture	mnsi	261277	265	1	167	1	80	next	miss	0
01	95	Picture	+++relax+++	264612	0	1	17507	1	0	next	other	0
01	95	Response	3	281987	17375	0
01	96	Picture	---fixation---	282119	0	1	1501	1	0	4000	other	0
01	97	Sound	si	283543	0	1			0		miss	0
01	99	Picture	---fixation---	288121	0	1	1667	1	0	4000	other	0
01	100	Picture	mnsd	290122	260	1	167	1	80	next	miss	0
01	102	Picture	---fixation---	294624	0	1	1501	1	0	6000	other	0
01	103	Picture	mnsd	296458	297	1	167	1	80	next	miss	0
01	105	Picture	---fixation---	300793	0	1	1501	1	0	4000	other	0
01	106	Sound	sd	302235	0	1			0		miss	0
01	108	Picture	---fixation---	306796	0	1	1501	1	0	4000	other	0
01	109	Sound	si	308228	0	1			0		miss	0
01	111	Picture	---fixation---	312799	0	1	1667	1	0	6000	other	0
01	112	Picture	mfsi	314799	251	1	167	1	80	next	miss	0
01	114	Picture	---fixation---	319301	0	1	1334	1	0	6000	other	0
01	115	Picture	mnsd	320969	224	1	167	1	80	next	miss	0
01	117	Picture	---fixation---	325304	0	1	1334	1	0	5000	other	0
01	118	Picture	mfsd	326971	232	1	167	1	80	next	miss	0
01	120	Picture	---fixation---	331473	0	1	1334	1	0	6000	other	0
01	121	Picture	mfsd	333141	306	1	167	1	80	next	miss	0
01	123	Picture	---fixation---	337476	0	1	1834	1	0	6000	other	0
01	124	Sound	si	339212	0	1			0		miss	0
01	126	Response	3	361746	17934	0
01	127	Picture	!Start EXP	361819	0	1	12005	1	0	next	other	0
01	127	Response	3	373666	11846	0
01	128	Picture	===Block Change===	373824	0	1	5669	1	0	next	other	0
01	128	Response	3	379026	5201	0
01	129	Response	3	386066	6572	0
01	130	Picture	---fixation---	386163	0	1	2001	1	0	5000	other	0
01	131	Picture	mf	388497	80	1	167	1	80	next	miss	0
01	132	Picture	---fixation---	391832	0	1	2001	1	0	5000	other	0
01	133	Picture	mnsd	394166	278	1	167	1	80	next	miss	0
01	134	Picture	---fixation---	397668	0	1	1667	1	0	6000	other	0
01	135	Picture	mnsi	399669	295	1	167	1	80	next	miss	0
01	136	Picture	---fixation---	403170	0	1	1501	1	0	4000	other	0
01	137	Picture	mn	405004	80	1	167	1	80	next	miss	0
01	138	Picture	---fixation---	408339	0	1	2001	1	0	6000	other	0
01	139	Picture	mnsd	410840	393	1	167	1	80	next	miss	0
01	140	Picture	---fixation---	413841	0	1	1667	1	0	5000	other	0
01	141	Picture	mnsd	416009	381	1	167	1	80	next	miss	0
01	142	Picture	---fixation---	419177	0	1	2334	1	0	6000	other	0
01	143	Picture	mnsi	422011	390	1	167	1	80	next	miss	0
01	144	Picture	---fixation---	425013	0	1	1834	1	0	6000	other	0
01	145	Picture	mf	427180	80	1	167	1	80	next	miss	0
01	146	Picture	---fixation---	430515	0	1	1834	1	0	5000	other	0
01	147	Picture	mfsi	432683	293	1	167	1	80	next	miss	0
01	148	Picture	---fixation---	436017	0	1	2001	1	0	5000	other	0
01	149	Picture	mfsi	438518	440	1	167	1	80	next	miss	0
01	150	Picture	---fixation---	441686	0	1	1667	1	0	4000	other	0
01	151	Picture	mfsi	443854	391	1	167	1	80	next	miss	0
01	152	Picture	---fixation---	447022	0	1	1501	1	0	5000	other	0
01	153	Picture	mfsi	449023	379	1	167	1	80	next	miss	0
01	154	Picture	---fixation---	452358	0	1	1501	1	0	5000	other	0
01	155	Picture	mfsd	454358	432	1	167	1	80	next	miss	0
01	156	Picture	---fixation---	457693	0	1	2001	1	0	5000	other	0
01	157	Picture	mnsi	460194	376	1	167	1	80	next	miss	0
01	158	Picture	---fixation---	463362	0	1	1667	1	0	5000	other	0
01	159	Picture	mn	465363	80	1	167	1	80	next	miss	0
01	160	Picture	---fixation---	469031	0	1	2001	1	0	4000	other	0
01	161	Picture	mf	471366	80	1	167	1	80	next	miss	0
01	162	Picture	---fixation---	475034	0	1	2168	1	0	4000	other	0
01	163	Picture	mnsd	477702	410	1	167	1	80	next	miss	0
01	164	Picture	---fixation---	481036	0	1	2168	1	0	5000	other	0
01	165	Picture	mfsi	483704	419	1	167	1	80	next	miss	0
01	166	Picture	---fixation---	487039	0	1	1834	1	0	6000	other	0
01	167	Picture	mn	489206	80	1	167	1	80	next	miss	0
01	168	Picture	---fixation---	492875	0	1	1667	1	0	4000	other	0
01	169	Picture	mfsd	495042	379	1	167	1	80	next	miss	0
01	170	Picture	---fixation---	498044	0	1	1834	1	0	5000	other	0
01	171	Picture	mnsi	500378	432	1	167	1	80	next	miss	0
01	172	Picture	---fixation---	503713	0	1	1501	1	0	5000	other	0
01	173	Picture	mn	505547	80	1	167	1	80	next	miss	0
01	174	Picture	---fixation---	508881	0	1	2168	1	0	6000	other	0
01	175	Picture	mfsd	511549	429	1	167	1	80	next	miss	0
01	176	Picture	---fixation---	514884	0	1	1667	1	0	4000	other	0
01	177	Picture	mfsi	516885	279	1	167	1	80	next	miss	0
01	178	Picture	---fixation---	527723	0	1	5169	1	0	5000	other	0
01	179	Picture	mn	533225	80	1	333	1	80	next	miss	0
01	180	Picture	---fixation---	537060	0	1	3335	1	0	4000	other	0
01	181	Picture	mnsd	540895	416	1	167	1	80	next	miss	0
01	182	Picture	---fixation---	544563	0	1	3668	1	0	6000	other	0
01	183	Picture	mnsd	548732	431	1	167	1	80	next	miss	0
01	184	Picture	---fixation---	552400	0	1	2835	1	0	5000	other	0
01	185	Picture	mnsd	555735	424	1	167	1	80	next	miss	0
01	186	Picture	---fixation---	559069	0	1	2835	1	0	4000	other	0
01	187	Picture	mnsi	562404	389	1	167	1	80	next	miss	0
01	188	Picture	---fixation---	565739	0	1	3001	1	0	5000	other	0
01	189	Picture	mnsd	569240	419	1	167	1	80	next	miss	0
01	190	Picture	---fixation---	572242	0	1	2001	1	0	6000	other	0
01	191	Picture	mf	574576	80	1	167	1	80	next	miss	0
01	192	Picture	---fixation---	578244	0	1	1667	1	0	4000	other	0
01	193	Picture	mfsi	580412	415	1	167	1	80	next	miss	0
01	194	Picture	---fixation---	583746	0	1	1667	1	0	5000	other	0
01	195	Picture	mfsd	585914	432	1	167	1	80	next	miss	0
01	196	Picture	---fixation---	588915	0	1	1834	1	0	4000	other	0
01	197	Picture	mfsi	591250	383	1	167	1	80	next	miss	0
01	198	Picture	---fixation---	594584	0	1	2001	1	0	6000	other	0
01	199	Picture	mn	596919	80	1	167	1	80	next	miss	0
01	200	Picture	---fixation---	600420	0	1	1834	1	0	6000	other	0
01	201	Picture	mfsd	602754	409	1	167	1	80	next	miss	0
01	202	Picture	---fixation---	605922	0	1	1667	1	0	6000	other	0
01	203	Picture	mnsd	607923	295	1	167	1	80	next	miss	0
01	204	Picture	---fixation---	611091	0	1	2168	1	0	4000	other	0
01	205	Picture	mn	613592	80	1	167	1	80	next	miss	0
01	206	Picture	---fixation---	617261	0	1	2168	1	0	5000	other	0
01	207	Picture	mfsi	619928	414	1	167	1	80	next	miss	0
01	208	Picture	---fixation---	622930	0	1	2001	1	0	6000	other	0
01	209	Picture	mnsd	625431	431	1	167	1	80	next	miss	0
01	210	Picture	---fixation---	628765	0	1	1501	1	0	4000	other	0
01	211	Picture	mf	630600	80	1	167	1	80	next	miss	0
01	212	Picture	---fixation---	634101	0	1	1501	1	0	4000	other	0
01	213	Picture	mnsi	636102	435	1	167	1	80	next	miss	0
01	214	Picture	---fixation---	639103	0	1	1501	1	0	6000	other	0
01	215	Picture	mfsd	640937	293	1	167	1	80	next	miss	0
01	216	Picture	---fixation---	644105	0	1	2168	1	0	5000	other	0
01	217	Picture	mnsi	646606	273	1	167	1	80	next	miss	0
01	218	Picture	---fixation---	650108	0	1	2501	1	0	5000	other	0
01	219	Picture	mf	652942	80	1	167	1	80	next	miss	0
01	220	Picture	---fixation---	656277	0	1	1834	1	0	6000	other	0
01	221	Picture	mfsi	658611	393	1	167	1	80	next	miss	0
01	222	Picture	---fixation---	661779	0	1	1501	1	0	4000	other	0
01	223	Picture	mfsi	663780	381	1	167	1	80	next	miss	0
01	224	Picture	---fixation---	667115	0	1	1834	1	0	4000	other	0
01	225	Picture	mfsd	669283	296	1	167	1	80	next	miss	0
01	226	Picture	---fixation---	672784	0	1	2001	1	0	5000	other	0
01	227	Picture	mnsi	675285	406	1	167	1	80	next	miss	0
01	228	Picture	---fixation---	678620	0	1	2334	1	0	6000	other	0
01	229	Picture	mfsd	681454	378	1	167	1	80	next	miss	0
01	230	Picture	---fixation---	684789	0	1	2001	1	0	5000	other	0
01	231	Picture	mfsd	687290	424	1	167	1	80	next	miss	0
01	232	Picture	---fixation---	690291	0	1	2168	1	0	5000	other	0
01	233	Picture	mn	692792	80	1	167	1	80	next	miss	0
01	234	Picture	---fixation---	696127	0	1	2168	1	0	6000	other	0
01	235	Picture	mf	698628	80	1	167	1	80	next	miss	0
01	236	Picture	---fixation---	702130	0	1	1834	1	0	5000	other	0
01	237	Picture	mfsi	704297	263	1	167	1	80	next	miss	0
01	238	Picture	---fixation---	707465	0	1	1667	1	0	5000	other	0
01	239	Picture	mn	709466	80	1	167	1	80	next	miss	0
01	240	Picture	---fixation---	713134	0	1	2001	1	0	6000	other	0
01	241	Picture	mfsd	715635	426	1	167	1	80	next	miss	0
01	242	Picture	---fixation---	718970	0	1	1501	1	0	4000	other	0
01	243	Picture	mfsd	720971	378	1	167	1	80	next	miss	0
01	244	Picture	---fixation---	724306	0	1	2334	1	0	4000	other	0
01	245	Picture	mnsi	727140	452	1	167	1	80	next	miss	0
01	246	Picture	---fixation---	730308	0	1	2001	1	0	6000	other	0
01	247	Picture	mfsi	732809	432	1	167	1	80	next	miss	0
01	248	Picture	---fixation---	735811	0	1	1667	1	0	5000	other	0
01	249	Picture	mf	737812	80	1	167	1	80	next	miss	0
01	250	Picture	+++relax+++	741313	0	1	38683	1	0	next	other	0
01	250	Response	3	779826	38513	0
01	251	Picture	---fixation---	779996	0	1	1667	1	0	5000	other	0
01	252	Picture	mn	781997	80	1	167	1	80	next	miss	0
01	253	Picture	---fixation---	785498	0	1	2168	1	0	5000	other	0
01	254	Picture	mnsi	788166	423	1	167	1	80	next	miss	0
01	255	Picture	---fixation---	791501	0	1	1667	1	0	5000	other	0
01	256	Picture	mnsd	793668	440	1	167	1	80	next	miss	0
01	257	Picture	---fixation---	797003	0	1	1834	1	0	4000	other	0
01	258	Picture	mnsd	799337	420	1	167	1	80	next	miss	0
01	259	Picture	---fixation---	802339	0	1	1667	1	0	5000	other	0
01	260	Picture	mnsi	804506	408	1	167	1	80	next	miss	0
01	261	Picture	---fixation---	807508	0	1	2001	1	0	4000	other	0
01	262	Picture	mnsd	810009	425	1	167	1	80	next	miss	0
01	263	Picture	---fixation---	813177	0	1	1667	1	0	6000	other	0
01	264	Picture	mf	815178	80	1	167	1	80	next	miss	0
01	265	Picture	---fixation---	818512	0	1	1667	1	0	5000	other	0
01	266	Picture	mfsi	820513	262	1	167	1	80	next	miss	0
01	267	Picture	---fixation---	823681	0	1	2001	1	0	5000	other	0
01	268	Picture	mnsi	826182	446	1	167	1	80	next	miss	0
01	269	Picture	---fixation---	829183	0	1	2168	1	0	6000	other	0
01	270	Picture	mf	831684	80	1	167	1	80	next	miss	0
01	271	Picture	---fixation---	835353	0	1	1501	1	0	6000	other	0
01	272	Picture	mfsi	837187	276	1	167	1	80	next	miss	0
01	273	Picture	---fixation---	840355	0	1	2168	1	0	6000	other	0
01	274	Picture	mfsd	843023	423	1	167	1	80	next	miss	0
01	275	Picture	---fixation---	846357	0	1	2001	1	0	6000	other	0
01	276	Picture	mf	848692	80	1	167	1	80	next	miss	0
01	277	Picture	---fixation---	852360	0	1	2168	1	0	5000	other	0
01	278	Picture	mf	854861	80	1	167	1	80	next	miss	0
01	279	Picture	---fixation---	858529	0	1	1834	1	0	4000	other	0
01	280	Picture	mnsi	861030	551	1	167	1	80	next	miss	0
01	281	Picture	---fixation---	863865	0	1	1501	1	0	4000	other	0
01	282	Picture	mn	865699	80	1	167	1	80	next	miss	0
01	283	Picture	---fixation---	869200	0	1	2001	1	0	6000	other	0
01	284	Picture	mn	871535	80	1	167	1	80	next	miss	0
01	285	Picture	---fixation---	874869	0	1	1834	1	0	5000	other	0
01	286	Picture	mnsi	877037	304	1	167	1	80	next	miss	0
01	287	Picture	---fixation---	880205	0	1	1834	1	0	6000	other	0
01	288	Picture	mn	882373	80	1	167	1	80	next	miss	0
01	289	Picture	---fixation---	886041	0	1	2168	1	0	6000	other	0
01	290	Picture	mnsd	888709	394	1	167	1	80	next	miss	0
01	291	Picture	---fixation---	892043	0	1	1501	1	0	6000	other	0
01	292	Picture	mn	893878	80	1	167	1	80	next	miss	0
01	293	Picture	---fixation---	897379	0	1	1834	1	0	4000	other	0
01	294	Picture	mfsi	899713	427	1	167	1	80	next	miss	0
01	295	Picture	---fixation---	902714	0	1	2001	1	0	5000	other	0
01	296	Picture	mfsd	905049	277	1	167	1	80	next	miss	0
01	297	Picture	---fixation---	908550	0	1	2168	1	0	4000	other	0
01	298	Picture	mfsi	911051	286	1	167	1	80	next	miss	0
01	299	Picture	---fixation---	914553	0	1	2501	1	0	6000	other	0
01	300	Picture	mn	917387	80	1	167	1	80	next	miss	0
01	301	Picture	---fixation---	921056	0	1	2001	1	0	5000	other	0
01	302	Picture	mnsd	923557	398	1	167	1	80	next	miss	0
01	303	Picture	---fixation---	926558	0	1	2168	1	0	5000	other	0
01	304	Picture	mnsd	929226	378	1	167	1	80	next	miss	0
01	305	Picture	---fixation---	932227	0	1	2168	1	0	4000	other	0
01	306	Picture	mnsd	934728	293	1	167	1	80	next	miss	0
01	307	Picture	---fixation---	937896	0	1	2001	1	0	6000	other	0
01	308	Picture	mn	940230	80	1	167	1	80	next	miss	0
01	309	Picture	---fixation---	943565	0	1	2001	1	0	4000	other	0
01	310	Picture	mfsi	945899	290	1	167	1	80	next	miss	0
01	311	Picture	---fixation---	949234	0	1	1667	1	0	6000	other	0
01	312	Picture	mfsd	951402	408	1	167	1	80	next	miss	0
01	313	Picture	---fixation---	954570	0	1	1834	1	0	6000	other	0
01	314	Picture	mfsi	956904	425	1	167	1	80	next	miss	0
01	315	Picture	---fixation---	959905	0	1	1501	1	0	5000	other	0
01	316	Picture	mfsi	961906	449	1	167	1	80	next	miss	0
01	317	Picture	---fixation---	965241	0	1	1834	1	0	6000	other	0
01	318	Picture	mf	967409	80	1	167	1	80	next	miss	0
01	319	Picture	---fixation---	971077	0	1	1501	1	0	5000	other	0
01	320	Picture	mnsi	972911	279	1	167	1	80	next	miss	0
01	321	Picture	---fixation---	976412	0	1	2168	1	0	5000	other	0
01	322	Picture	mnsi	979080	455	1	167	1	80	next	miss	0
01	323	Picture	---fixation---	982415	0	1	2501	1	0	6000	other	0
01	324	Picture	mfsd	985416	390	1	167	1	80	next	miss	0
01	325	Picture	---fixation---	988751	0	1	2001	1	0	4000	other	0
01	326	Picture	mnsi	991085	269	1	167	1	80	next	miss	0
01	327	Picture	---fixation---	994253	0	1	1667	1	0	5000	other	0
01	328	Picture	mn	996254	80	1	167	1	80	next	miss	0
01	329	Picture	---fixation---	999755	0	1	2168	1	0	6000	other	0
01	330	Picture	mf	1002257	80	1	167	1	80	next	miss	0
01	331	Picture	---fixation---	1005591	0	1	2001	1	0	6000	other	0
01	332	Picture	mfsi	1008092	413	1	167	1	80	next	miss	0
01	333	Picture	---fixation---	1011427	0	1	1834	1	0	5000	other	0
01	334	Picture	mn	1013595	80	1	167	1	80	next	miss	0
01	335	Picture	---fixation---	1017263	0	1	1834	1	0	6000	other	0
01	336	Picture	mn	1019430	80	1	167	1	80	next	miss	0
01	337	Picture	---fixation---	1023099	0	1	2168	1	0	4000	other	0
01	338	Picture	mn	1025600	80	1	167	1	80	next	miss	0
01	339	Picture	---fixation---	1028934	0	1	1501	1	0	6000	other	0
01	340	Picture	mnsd	1030935	399	1	167	1	80	next	miss	0
01	341	Picture	---fixation---	1034270	0	1	1667	1	0	4000	other	0
01	342	Picture	mfsi	1036438	415	1	167	1	80	next	miss	0
01	343	Picture	---fixation---	1039772	0	1	2168	1	0	4000	other	0
01	344	Picture	mf	1042273	80	1	167	1	80	next	miss	0
01	345	Picture	---fixation---	1045942	0	1	1834	1	0	5000	other	0
01	346	Picture	mnsi	1048109	303	1	167	1	80	next	miss	0
01	347	Picture	---fixation---	1051611	0	1	2168	1	0	5000	other	0
01	348	Picture	mfsi	1054279	377	1	167	1	80	next	miss	0
01	349	Picture	---fixation---	1057613	0	1	2001	1	0	4000	other	0
01	350	Picture	mf	1059948	80	1	167	1	80	next	miss	0
01	351	Picture	---fixation---	1063282	0	1	2001	1	0	5000	other	0
01	352	Picture	mnsi	1065783	402	1	167	1	80	next	miss	0
01	353	Picture	---fixation---	1068785	0	1	2334	1	0	5000	other	0
01	354	Picture	mfsi	1071619	447	1	167	1	80	next	miss	0
01	355	Picture	---fixation---	1074954	0	1	1501	1	0	4000	other	0
01	356	Picture	mf	1076788	80	1	167	1	80	next	miss	0
01	357	Picture	---fixation---	1080456	0	1	2001	1	0	5000	other	0
01	358	Picture	mnsd	1082957	408	1	167	1	80	next	miss	0
01	359	Picture	---fixation---	1086292	0	1	2001	1	0	6000	other	0
01	360	Picture	mf	1088626	80	1	167	1	80	next	miss	0
01	361	Picture	---fixation---	1092295	0	1	2001	1	0	5000	other	0
01	362	Picture	mf	1094629	80	1	167	1	80	next	miss	0
01	363	Picture	---fixation---	1097964	0	1	1501	1	0	5000	other	0
01	364	Picture	mnsd	1099965	450	1	167	1	80	next	miss	0
01	365	Picture	---fixation---	1102966	0	1	1667	1	0	4000	other	0
01	366	Picture	mfsi	1105133	438	1	167	1	80	next	miss	0
01	367	Picture	---fixation---	1108135	0	1	2001	1	0	6000	other	0
01	368	Picture	mn	1110469	80	1	167	1	80	next	miss	0
01	369	Picture	---fixation---	1113804	0	1	2168	1	0	6000	other	0
01	370	Picture	mnsd	1116471	398	1	167	1	80	next	miss	0
01	371	Picture	+++relax+++	1119639	0	1	25011	1	0	next	other	0
01	371	Response	3	1144547	24908	0
01	372	Picture	---fixation---	1144650	0	1	1667	1	0	5000	other	0
01	373	Picture	mnsi	1146651	304	1	167	1	80	next	miss	0
01	374	Picture	---fixation---	1150152	0	1	1667	1	0	5000	other	0
01	375	Picture	mfsd	1152320	386	1	167	1	80	next	miss	0
01	376	Picture	---fixation---	1155488	0	1	2001	1	0	5000	other	0
01	377	Picture	mfsi	1157822	301	1	167	1	80	next	miss	0
01	378	Picture	---fixation---	1161324	0	1	2001	1	0	5000	other	0
01	379	Picture	mnsi	1163825	412	1	167	1	80	next	miss	0
01	380	Picture	---fixation---	1166993	0	1	1667	1	0	4000	other	0
01	381	Picture	mfsd	1168994	298	1	167	1	80	next	miss	0
01	382	Picture	---fixation---	1172495	0	1	1834	1	0	5000	other	0
01	383	Picture	mnsd	1174663	278	1	167	1	80	next	miss	0
01	384	Picture	---fixation---	1177831	0	1	2001	1	0	5000	other	0
01	385	Picture	mnsi	1180165	295	1	167	1	80	next	miss	0
01	386	Picture	---fixation---	1183333	0	1	1834	1	0	6000	other	0
01	387	Picture	mnsd	1185667	413	1	167	1	80	next	miss	0
01	388	Picture	---fixation---	1189002	0	1	2001	1	0	5000	other	0
01	389	Picture	mn	1191336	80	1	167	1	80	next	miss	0
01	390	Picture	---fixation---	1195005	0	1	2001	1	0	4000	other	0
01	391	Picture	mnsi	1197339	300	1	167	1	80	next	miss	0
01	392	Picture	---fixation---	1200840	0	1	1667	1	0	5000	other	0
01	393	Picture	mfsd	1203008	382	1	167	1	80	next	miss	0
01	394	Picture	---fixation---	1206009	0	1	2334	1	0	6000	other	0
01	395	Picture	mfsi	1208844	427	1	167	1	80	next	miss	0
01	396	Picture	---fixation---	1212179	0	1	2334	1	0	6000	other	0
01	397	Picture	mf	1214846	80	1	167	1	80	next	miss	0
01	398	Picture	---fixation---	1218348	0	1	1834	1	0	6000	other	0
01	399	Picture	mnsd	1220682	380	1	167	1	80	next	miss	0
01	400	Picture	---fixation---	1224017	0	1	2334	1	0	5000	other	0
01	401	Picture	mfsi	1226685	287	1	167	1	80	next	miss	0
01	402	Picture	---fixation---	1230019	0	1	2001	1	0	5000	other	0
01	403	Picture	mf	1232354	80	1	167	1	80	next	miss	0
01	404	Picture	---fixation---	1235689	0	1	1834	1	0	6000	other	0
01	405	Picture	mfsi	1237856	284	1	167	1	80	next	miss	0
01	406	Picture	---fixation---	1241358	0	1	2001	1	0	4000	other	0
01	407	Picture	mfsi	1243859	395	1	167	1	80	next	miss	0
01	408	Picture	---fixation---	1247027	0	1	2168	1	0	6000	other	0
01	409	Picture	mfsd	1249694	440	1	167	1	80	next	miss	0
01	410	Picture	---fixation---	1252696	0	1	2334	1	0	5000	other	0
01	411	Picture	mf	1255364	80	1	167	1	80	next	miss	0
01	412	Picture	---fixation---	1259032	0	1	2001	1	0	6000	other	0
01	413	Picture	mfsi	1261533	392	1	167	1	80	next	miss	0
01	414	Picture	---fixation---	1264868	0	1	2001	1	0	4000	other	0
01	415	Picture	mnsi	1267369	438	1	167	1	80	next	miss	0
01	416	Picture	---fixation---	1270703	0	1	1834	1	0	5000	other	0
01	417	Picture	mfsd	1273038	418	1	167	1	80	next	miss	0
01	418	Picture	---fixation---	1276372	0	1	5669	1	0	4000	other	0
01	419	Picture	mfsi	1282542	373	1	167	1	80	next	miss	0
01	420	Picture	---fixation---	1286210	0	1	3501	1	0	4000	other	0
01	421	Picture	mnsi	1290212	424	1	167	1	80	next	miss	0
01	422	Picture	---fixation---	1293713	0	1	4002	1	0	6000	other	0
01	423	Picture	mfsd	1298215	402	1	167	1	80	next	miss	0
01	424	Picture	---fixation---	1301716	0	1	3001	1	0	5000	other	0
01	425	Picture	mnsd	1305218	395	1	167	1	80	next	miss	0
01	426	Picture	---fixation---	1308553	0	1	3001	1	0	6000	other	0
01	427	Picture	mnsi	1312054	425	1	167	1	80	next	miss	0
01	428	Picture	---fixation---	1317723	0	1	3168	1	0	4000	other	0
01	429	Picture	mnsd	1321391	416	1	167	1	80	next	miss	0
01	430	Picture	---fixation---	1324393	0	1	2001	1	0	4000	other	0
01	431	Picture	mn	1326727	80	1	167	1	80	next	miss	0
01	432	Picture	---fixation---	1330395	0	1	1834	1	0	4000	other	0
01	433	Picture	mfsi	1332730	376	1	167	1	80	next	miss	0
01	434	Picture	---fixation---	1335731	0	1	2001	1	0	5000	other	0
01	435	Picture	mf	1338065	80	1	167	1	80	next	miss	0
01	436	Picture	---fixation---	1341733	0	1	1834	1	0	6000	other	0
01	437	Picture	mnsi	1344068	438	1	167	1	80	next	miss	0
01	438	Picture	---fixation---	1347236	0	1	1667	1	0	4000	other	0
01	439	Picture	mnsi	1349403	390	1	167	1	80	next	miss	0
01	440	Picture	---fixation---	1352738	0	1	2001	1	0	6000	other	0
01	441	Picture	mfsd	1355239	435	1	167	1	80	next	miss	0
01	442	Picture	---fixation---	1358574	0	1	1667	1	0	6000	other	0
01	443	Picture	mf	1360575	80	1	167	1	80	next	miss	0
01	444	Picture	---fixation---	1363909	0	1	1834	1	0	6000	other	0
01	445	Picture	mf	1366077	80	1	167	1	80	next	miss	0
01	446	Picture	---fixation---	1369745	0	1	2334	1	0	6000	other	0
01	447	Picture	mnsi	1372580	404	1	167	1	80	next	miss	0
01	448	Picture	---fixation---	1375914	0	1	1667	1	0	6000	other	0
01	449	Picture	mfsd	1378082	421	1	167	1	80	next	miss	0
01	450	Picture	---fixation---	1381250	0	1	2168	1	0	4000	other	0
01	451	Picture	mf	1383751	80	1	167	1	80	next	miss	0
01	452	Picture	---fixation---	1387086	0	1	2168	1	0	5000	other	0
01	453	Picture	mnsi	1389754	410	1	167	1	80	next	miss	0
01	454	Picture	---fixation---	1393088	0	1	1667	1	0	4000	other	0
01	455	Picture	mfsd	1395256	427	1	167	1	80	next	miss	0
01	456	Picture	---fixation---	1398257	0	1	1501	1	0	5000	other	0
01	457	Picture	mnsd	1400091	284	1	167	1	80	next	miss	0
01	458	Picture	---fixation---	1403259	0	1	1834	1	0	6000	other	0
01	459	Picture	mn	1405427	80	1	167	1	80	next	miss	0
01	460	Picture	---fixation---	1409095	0	1	2334	1	0	6000	other	0
01	461	Picture	mf	1411763	80	1	167	1	80	next	miss	0
01	462	Picture	---fixation---	1415431	0	1	1501	1	0	6000	other	0
01	463	Picture	mfsd	1417432	456	1	167	1	80	next	miss	0
01	464	Picture	---fixation---	1420600	0	1	2001	1	0	6000	other	0
01	465	Picture	mf	1422934	80	1	167	1	80	next	miss	0
01	466	Picture	---fixation---	1426269	0	1	2334	1	0	6000	other	0
01	467	Picture	mf	1428937	80	1	167	1	80	next	miss	0
01	468	Picture	---fixation---	1432272	0	1	2168	1	0	6000	other	0
01	469	Picture	mnsd	1434939	389	1	167	1	80	next	miss	0
01	470	Picture	---fixation---	1438274	0	1	2001	1	0	6000	other	0
01	471	Picture	mfsi	1440775	435	1	167	1	80	next	miss	0
01	472	Picture	---fixation---	1443943	0	1	2168	1	0	5000	other	0
01	473	Picture	mn	1446444	80	1	167	1	80	next	miss	0
01	474	Picture	---fixation---	1449779	0	1	1667	1	0	4000	other	0
01	475	Picture	mnsd	1451947	431	1	167	1	80	next	miss	0
01	476	Picture	---fixation---	1455281	0	1	1501	1	0	4000	other	0
01	477	Picture	mnsd	1457282	383	1	167	1	80	next	miss	0
01	478	Picture	---fixation---	1460617	0	1	1667	1	0	5000	other	0
01	479	Picture	mnsd	1462785	399	1	167	1	80	next	miss	0
01	480	Picture	---fixation---	1465786	0	1	2001	1	0	5000	other	0
01	481	Picture	mnsi	1468287	416	1	167	1	80	next	miss	0
01	482	Picture	---fixation---	1471622	0	1	2168	1	0	4000	other	0
01	483	Picture	mfsd	1474289	425	1	167	1	80	next	miss	0
01	484	Picture	---fixation---	1477624	0	1	1834	1	0	4000	other	0
01	485	Picture	mfsi	1479958	405	1	167	1	80	next	miss	0
01	486	Picture	---fixation---	1483293	0	1	2334	1	0	5000	other	0
01	487	Picture	mfsi	1486128	377	1	167	1	80	next	miss	0
01	488	Picture	---fixation---	1489296	0	1	2001	1	0	5000	other	0
01	489	Picture	mfsi	1491797	459	1	167	1	80	next	miss	0
01	490	Picture	---fixation---	1495132	0	1	1834	1	0	6000	other	0
01	491	Picture	mfsd	1497299	273	1	167	1	80	next	miss	0
01	492	Picture	+++relax+++	1500634	0	1	16507	1	0	next	other	0
01	492	Response	3	1517107	16474	0
01	493	Picture	---fixation---	1517141	0	1	2001	1	0	5000	other	0
01	494	Picture	mnsi	1519475	303	1	167	1	80	next	miss	0
01	495	Picture	---fixation---	1522977	0	1	2001	1	0	6000	other	0
01	496	Picture	mfsd	1525478	413	1	167	1	80	next	miss	0
01	497	Picture	---fixation---	1528812	0	1	1834	1	0	4000	other	0
01	498	Picture	mnsi	1531147	393	1	167	1	80	next	miss	0
01	499	Picture	---fixation---	1534315	0	1	1667	1	0	6000	other	0
01	500	Picture	mn	1536316	80	1	167	1	80	next	miss	0
01	501	Picture	---fixation---	1539984	0	1	2001	1	0	6000	other	0
01	502	Picture	mnsd	1542318	288	1	167	1	80	next	miss	0
01	503	Picture	---fixation---	1545486	0	1	2001	1	0	5000	other	0
01	504	Picture	mfsi	1547987	370	1	167	1	80	next	miss	0
01	505	Picture	---fixation---	1551322	0	1	2001	1	0	5000	other	0
01	506	Picture	mf	1553656	80	1	167	1	80	next	miss	0
01	507	Picture	---fixation---	1557324	0	1	1834	1	0	6000	other	0
01	508	Picture	mnsi	1559492	294	1	167	1	80	next	miss	0
01	509	Picture	---fixation---	1562660	0	1	1667	1	0	4000	other	0
01	510	Picture	mf	1564661	80	1	167	1	80	next	miss	0
01	511	Picture	---fixation---	1568162	0	1	2001	1	0	6000	other	0
01	512	Picture	mfsd	1570663	392	1	167	1	80	next	miss	0
01	513	Picture	---fixation---	1573998	0	1	1501	1	0	5000	other	0
01	514	Picture	mn	1575832	80	1	167	1	80	next	miss	0
01	515	Picture	---fixation---	1579167	0	1	1667	1	0	5000	other	0
01	516	Picture	mfsd	1581335	397	1	167	1	80	next	miss	0
01	517	Picture	---fixation---	1584336	0	1	2168	1	0	5000	other	0
01	518	Picture	mnsi	1587004	377	1	167	1	80	next	miss	0
01	519	Picture	---fixation---	1590172	0	1	2168	1	0	6000	other	0
01	520	Picture	mfsd	1592839	422	1	167	1	80	next	miss	0
01	521	Picture	---fixation---	1596174	0	1	2168	1	0	5000	other	0
01	522	Picture	mnsi	1598842	431	1	167	1	80	next	miss	0
01	523	Picture	---fixation---	1602177	0	1	2168	1	0	4000	other	0
01	524	Picture	mnsd	1604845	440	1	167	1	80	next	miss	0
01	525	Picture	---fixation---	1607846	0	1	2168	1	0	5000	other	0
01	526	Picture	mn	1610347	80	1	167	1	80	next	miss	0
01	527	Picture	---fixation---	1614015	0	1	2001	1	0	5000	other	0
01	528	Picture	mnsd	1616516	429	1	167	1	80	next	miss	0
01	529	Picture	---fixation---	1619684	0	1	1834	1	0	6000	other	0
01	530	Picture	mf	1621852	80	1	167	1	80	next	miss	0
01	531	Picture	---fixation---	1625520	0	1	2334	1	0	4000	other	0
01	532	Picture	mnsi	1628355	382	1	167	1	80	next	miss	0
01	533	Picture	---fixation---	1631689	0	1	2168	1	0	5000	other	0
01	534	Picture	mfsd	1634357	391	1	167	1	80	next	miss	0
01	535	Picture	---fixation---	1637692	0	1	2334	1	0	6000	other	0
01	536	Picture	mnsi	1640360	298	1	167	1	80	next	miss	0
01	537	Picture	---fixation---	1643861	0	1	2168	1	0	6000	other	0
01	538	Picture	mnsi	1646362	307	1	167	1	80	next	miss	0
01	539	Picture	---fixation---	1649864	0	1	2168	1	0	6000	other	0
01	540	Picture	mfsd	1652531	381	1	167	1	80	next	miss	0
01	541	Picture	---fixation---	1655699	0	1	1667	1	0	4000	other	0
01	542	Picture	mn	1657700	80	1	167	1	80	next	miss	0
01	543	Picture	---fixation---	1661202	0	1	1667	1	0	5000	other	0
01	544	Picture	mf	1663203	80	1	167	1	80	next	miss	0
01	545	Picture	---fixation---	1666871	0	1	2168	1	0	6000	other	0
01	546	Picture	mn	1669372	80	1	167	1	80	next	miss	0
01	547	Picture	---fixation---	1672873	0	1	2001	1	0	6000	other	0
01	548	Picture	mf	1675208	80	1	167	1	80	next	miss	0
01	549	Picture	---fixation---	1678709	0	1	2001	1	0	6000	other	0
01	550	Picture	mfsd	1681210	412	1	167	1	80	next	miss	0
01	551	Picture	---fixation---	1684545	0	1	2001	1	0	5000	other	0
01	552	Picture	mf	1686879	80	1	167	1	80	next	miss	0
01	553	Picture	---fixation---	1690547	0	1	2001	1	0	5000	other	0
01	554	Picture	mf	1692882	80	1	167	1	80	next	miss	0
01	555	Picture	---fixation---	1696383	0	1	2168	1	0	4000	other	0
01	556	Picture	mf	1698884	80	1	167	1	80	next	miss	0
01	557	Picture	---fixation---	1702553	0	1	2001	1	0	6000	other	0
01	558	Picture	mfsd	1705054	382	1	167	1	80	next	miss	0
01	559	Picture	---fixation---	1708055	0	1	1501	1	0	5000	other	0
01	560	Picture	mn	1709889	80	1	167	1	80	next	miss	0
01	561	Picture	---fixation---	1713557	0	1	1667	1	0	4000	other	0
01	562	Picture	mf	1715558	80	1	167	1	80	next	miss	0
01	563	Picture	---fixation---	1719226	0	1	1834	1	0	6000	other	0
01	564	Picture	mnsd	1721561	432	1	167	1	80	next	miss	0
01	565	Picture	---fixation---	1724562	0	1	1834	1	0	4000	other	0
01	566	Picture	mf	1726729	80	1	167	1	80	next	miss	0
01	567	Picture	---fixation---	1730398	0	1	2001	1	0	4000	other	0
01	568	Picture	mn	1732732	80	1	167	1	80	next	miss	0
01	569	Picture	---fixation---	1736067	0	1	2001	1	0	5000	other	0
01	570	Picture	mnsd	1738568	373	1	167	1	80	next	miss	0
01	571	Picture	---fixation---	1741736	0	1	2334	1	0	6000	other	0
01	572	Picture	mf	1744404	80	1	167	1	80	next	miss	0
01	573	Picture	---fixation---	1747738	0	1	1834	1	0	6000	other	0
01	574	Picture	mfsi	1750073	398	1	167	1	80	next	miss	0
01	575	Picture	---fixation---	1753241	0	1	1667	1	0	5000	other	0
01	576	Picture	mf	1755241	80	1	167	1	80	next	miss	0
01	577	Picture	---fixation---	1758576	0	1	1834	1	0	5000	other	0
01	578	Picture	mnsi	1760911	468	1	167	1	80	next	miss	0
01	579	Picture	---fixation---	1763912	0	1	2001	1	0	6000	other	0
01	580	Picture	mfsi	1766413	383	1	167	1	80	next	miss	0
01	581	Picture	---fixation---	1769748	0	1	2001	1	0	6000	other	0
01	582	Picture	mfsd	1772249	428	1	167	1	80	next	miss	0
01	583	Picture	---fixation---	1775250	0	1	2334	1	0	4000	other	0
01	584	Picture	mf	1777918	80	1	167	1	80	next	miss	0
01	585	Picture	---fixation---	1781586	0	1	2001	1	0	6000	other	0
01	586	Picture	mfsi	1784087	381	1	167	1	80	next	miss	0
01	587	Picture	---fixation---	1787422	0	1	2334	1	0	6000	other	0
01	588	Picture	mfsd	1790090	288	1	167	1	80	next	miss	0
01	589	Picture	---fixation---	1793424	0	1	1667	1	0	6000	other	0
01	590	Picture	mfsi	1795592	406	1	167	1	80	next	miss	0
01	591	Picture	---fixation---	1798760	0	1	1501	1	0	4000	other	0
01	592	Picture	mn	1800594	80	1	167	1	80	next	miss	0
01	593	Picture	---fixation---	1804262	0	1	2001	1	0	5000	other	0
01	594	Picture	mfsd	1806763	403	1	167	1	80	next	miss	0
01	595	Picture	---fixation---	1810098	0	1	1667	1	0	6000	other	0
01	596	Picture	mfsd	1812266	420	1	167	1	80	next	miss	0
01	597	Picture	---fixation---	1815600	0	1	1667	1	0	5000	other	0
01	598	Picture	mn	1817601	80	1	167	1	80	next	miss	0
01	599	Picture	---fixation---	1821269	0	1	2001	1	0	4000	other	0
01	600	Picture	mf	1823604	80	1	167	1	80	next	miss	0
01	601	Picture	---fixation---	1827105	0	1	2168	1	0	6000	other	0
01	602	Picture	mnsd	1829606	287	1	167	1	80	next	miss	0
01	603	Picture	---fixation---	1833108	0	1	1834	1	0	6000	other	0
01	604	Picture	mfsi	1835442	434	1	167	1	80	next	miss	0
01	605	Picture	---fixation---	1838777	0	1	2001	1	0	6000	other	0
01	606	Picture	mn	1841111	80	1	167	1	80	next	miss	0
01	607	Picture	---fixation---	1844446	0	1	2001	1	0	5000	other	0
01	608	Picture	mfsd	1846780	293	1	167	1	80	next	miss	0
01	609	Picture	---fixation---	1850282	0	1	1834	1	0	5000	other	0
01	610	Picture	mnsd	1852616	440	1	167	1	80	next	miss	0
01	611	Picture	---fixation---	1855951	0	1	1667	1	0	6000	other	0
01	612	Picture	mn	1857952	80	1	167	1	80	next	miss	0
01	613	Picture	+++relax+++	1861453	0	1	76032	1	0	next	other	0
01	613	Response	3	1937428	75975	0
01	614	Picture	---fixation---	1937485	0	1	1667	1	0	4000	other	0
01	615	Picture	mf	1939486	80	1	167	1	80	next	miss	0
01	616	Picture	---fixation---	1942821	0	1	2168	1	0	4000	other	0
01	617	Picture	mnsd	1945322	295	1	167	1	80	next	miss	0
01	618	Picture	---fixation---	1948490	0	1	2168	1	0	6000	other	0
01	619	Picture	mfsi	1951158	441	1	167	1	80	next	miss	0
01	620	Picture	---fixation---	1954492	0	1	1834	1	0	6000	other	0
01	621	Picture	mf	1956660	80	1	167	1	80	next	miss	0
01	622	Picture	---fixation---	1960328	0	1	2167	1	0	6000	other	0
01	623	Picture	mfsd	1962996	394	1	167	1	80	next	miss	0
01	624	Picture	---fixation---	1965997	0	1	1834	1	0	5000	other	0
01	625	Picture	mfsi	1968165	280	1	167	1	80	next	miss	0
01	626	Picture	---fixation---	1971500	0	1	2001	1	0	5000	other	0
01	627	Picture	mn	1973834	80	1	167	1	80	next	miss	0
01	628	Picture	---fixation---	1977502	0	1	2168	1	0	4000	other	0
01	629	Picture	mf	1980003	80	1	167	1	80	next	miss	0
01	630	Picture	---fixation---	1983671	0	1	2001	1	0	6000	other	0
01	631	Picture	mnsi	1986172	409	1	167	1	80	next	miss	0
01	632	Picture	---fixation---	1989507	0	1	1834	1	0	5000	other	0
01	633	Picture	mnsd	1991841	389	1	167	1	80	next	miss	0
01	634	Picture	---fixation---	1995176	0	1	1667	1	0	4000	other	0
01	635	Picture	mfsd	1997344	405	1	167	1	80	next	miss	0
01	636	Picture	---fixation---	2000678	0	1	1501	1	0	4000	other	0
01	637	Picture	mnsi	2002513	292	1	167	1	80	next	miss	0
01	638	Picture	---fixation---	2005847	0	1	2001	1	0	5000	other	0
01	639	Picture	mnsi	2008348	439	1	167	1	80	next	miss	0
01	640	Picture	---fixation---	2011350	0	1	2168	1	0	5000	other	0
01	641	Picture	mfsd	2014017	419	1	167	1	80	next	miss	0
01	642	Picture	---fixation---	2017352	0	1	1834	1	0	6000	other	0
01	643	Picture	mfsi	2019687	399	1	167	1	80	next	miss	0
01	644	Picture	---fixation---	2022688	0	1	2168	1	0	5000	other	0
01	645	Picture	mn	2025189	80	1	167	1	80	next	miss	0
01	646	Picture	---fixation---	2028690	0	1	2001	1	0	4000	other	0
01	647	Picture	mnsd	2031191	424	1	167	1	80	next	miss	0
01	648	Picture	---fixation---	2034526	0	1	2168	1	0	4000	other	0
01	649	Picture	mnsd	2037194	433	1	167	1	80	next	miss	0
01	650	Picture	---fixation---	2040529	0	1	2168	1	0	6000	other	0
01	651	Picture	mn	2043030	80	1	167	1	80	next	miss	0
01	652	Picture	---fixation---	2046531	0	1	2334	1	0	5000	other	0
01	653	Picture	mnsi	2049366	415	1	167	1	80	next	miss	0
01	654	Picture	---fixation---	2052700	0	1	2334	1	0	4000	other	0
01	655	Picture	mn	2055368	80	1	167	1	80	next	miss	0
01	656	Picture	---fixation---	2058870	0	1	2168	1	0	5000	other	0
01	657	Picture	mnsd	2061538	396	1	167	1	80	next	miss	0
01	658	Picture	---fixation---	2064872	0	1	1667	1	0	4000	other	0
01	659	Picture	mnsi	2067040	412	1	167	1	80	next	miss	0
01	660	Picture	---fixation---	2070375	0	1	2001	1	0	5000	other	0
01	661	Picture	mfsd	2072876	458	1	167	1	80	next	miss	0
01	662	Picture	---fixation---	2076210	0	1	2168	1	0	4000	other	0
01	663	Picture	mnsi	2078711	300	1	167	1	80	next	miss	0
01	664	Picture	---fixation---	2082046	0	1	2334	1	0	6000	other	0
01	665	Picture	mfsi	2084881	374	1	167	1	80	next	miss	0
01	666	Picture	---fixation---	2087882	0	1	1667	1	0	5000	other	0
01	667	Picture	mfsd	2089883	297	1	167	1	80	next	miss	0
01	668	Picture	---fixation---	2093218	0	1	2168	1	0	6000	other	0
01	669	Picture	mnsi	2095885	407	1	167	1	80	next	miss	0
01	670	Picture	---fixation---	2099220	0	1	2334	1	0	4000	other	0
01	671	Picture	mfsi	2102055	380	1	167	1	80	next	miss	0
01	672	Picture	---fixation---	2105056	0	1	1667	1	0	5000	other	0
01	673	Picture	mf	2107057	80	1	167	1	80	next	miss	0
01	674	Picture	---fixation---	2110725	0	1	1834	1	0	4000	other	0
01	675	Picture	mnsd	2113059	413	1	167	1	80	next	miss	0
01	676	Picture	---fixation---	2116394	0	1	1834	1	0	5000	other	0
01	677	Picture	mnsi	2118728	393	1	167	1	80	next	miss	0
01	678	Picture	---fixation---	2121896	0	1	2334	1	0	4000	other	0
01	679	Picture	mnsd	2124731	402	1	167	1	80	next	miss	0
01	680	Picture	---fixation---	2128066	0	1	1667	1	0	5000	other	0
01	681	Picture	mnsd	2130233	418	1	167	1	80	next	miss	0
01	682	Picture	---fixation---	2133568	0	1	1667	1	0	6000	other	0
01	683	Picture	mn	2135569	80	1	167	1	80	next	miss	0
01	684	Picture	---fixation---	2139237	0	1	2334	1	0	4000	other	0
01	685	Picture	mnsi	2142072	473	1	167	1	80	next	miss	0
01	686	Picture	---fixation---	2145406	0	1	2001	1	0	5000	other	0
01	687	Picture	mnsd	2147907	416	1	167	1	80	next	miss	0
01	688	Picture	---fixation---	2151075	0	1	2001	1	0	6000	other	0
01	689	Picture	mnsd	2153576	397	1	167	1	80	next	miss	0
01	690	Picture	---fixation---	2156744	0	1	2168	1	0	4000	other	0
01	691	Picture	mn	2159245	80	1	167	1	80	next	miss	0
01	692	Picture	---fixation---	2162914	0	1	1667	1	0	6000	other	0
01	693	Picture	mnsd	2165081	422	1	167	1	80	next	miss	0
01	694	Picture	---fixation---	2168249	0	1	2668	1	0	6000	other	0
01	695	Picture	mn	2171251	80	1	167	1	80	next	miss	0
01	696	Picture	---fixation---	2174752	0	1	2167	1	0	5000	other	0
01	697	Picture	mn	2177253	80	1	167	1	80	next	miss	0
01	698	Picture	---fixation---	2180755	0	1	1667	1	0	5000	other	0
01	699	Picture	mnsd	2182922	383	1	167	1	80	next	miss	0
01	700	Picture	---fixation---	2186257	0	1	2168	1	0	5000	other	0
01	701	Picture	mnsd	2188925	392	1	167	1	80	next	miss	0
01	702	Picture	---fixation---	2192259	0	1	2168	1	0	5000	other	0
01	703	Picture	mn	2194760	80	1	167	1	80	next	miss	0
01	704	Picture	---fixation---	2198262	0	1	2168	1	0	5000	other	0
01	705	Picture	mn	2200763	80	1	167	1	80	next	miss	0
01	706	Picture	---fixation---	2204431	0	1	1667	1	0	6000	other	0
01	707	Picture	mnsi	2206599	390	1	167	1	80	next	miss	0
01	708	Picture	---fixation---	2209767	0	1	2334	1	0	5000	other	0
01	709	Picture	mf	2212435	80	1	167	1	80	next	miss	0
01	710	Picture	---fixation---	2216103	0	1	2001	1	0	5000	other	0
01	711	Picture	mfsi	2218604	408	1	167	1	80	next	miss	0
01	712	Picture	---fixation---	2221605	0	1	2168	1	0	5000	other	0
01	713	Picture	mf	2224106	80	1	167	1	80	next	miss	0
01	714	Picture	---fixation---	2227441	0	1	1667	1	0	6000	other	0
01	715	Picture	mn	2229442	80	1	167	1	80	next	miss	0
01	716	Picture	---fixation---	2232777	0	1	2668	1	0	6000	other	0
01	717	Picture	mf	2235778	80	1	167	1	80	next	miss	0
01	718	Picture	---fixation---	2239279	0	1	2001	1	0	5000	other	0
01	719	Picture	mf	2241614	80	1	167	1	80	next	miss	0
01	720	Picture	---fixation---	2245282	0	1	2001	1	0	5000	other	0
01	721	Picture	mnsi	2247783	431	1	167	1	80	next	miss	0
01	722	Picture	---fixation---	2251118	0	1	2168	1	0	5000	other	0
01	723	Picture	mfsd	2253785	440	1	167	1	80	next	miss	0
01	724	Picture	---fixation---	2256953	0	1	1667	1	0	4000	other	0
01	725	Picture	mfsd	2259121	392	1	167	1	80	next	miss	0
01	726	Picture	---fixation---	2262456	0	1	2001	1	0	6000	other	0
01	727	Picture	mnsi	2264957	437	1	167	1	80	next	miss	0
01	728	Picture	---fixation---	2268125	0	1	1834	1	0	5000	other	0
01	729	Picture	mfsd	2270459	454	1	167	1	80	next	miss	0
01	730	Picture	---fixation---	2273460	0	1	1667	1	0	4000	other	0
01	731	Picture	mf	2275461	80	1	167	1	80	next	miss	0
01	732	Picture	---fixation---	2278963	0	1	1667	1	0	6000	other	0
01	733	Picture	mfsi	2280964	291	1	167	1	80	next	miss	0
01	734	Picture	+++relax+++	2284465	0	1	60359	1	0	next	other	0
01	734	Response	3	2344629	60164	0
01	735	Picture	---fixation---	2344824	0	1	2001	1	0	4000	other	0
01	736	Picture	mf	2347158	80	1	167	1	80	next	miss	0
01	737	Picture	---fixation---	2350826	0	1	2001	1	0	4000	other	0
01	738	Picture	mfsd	2353327	427	1	167	1	80	next	miss	0
01	739	Picture	---fixation---	2356662	0	1	1834	1	0	4000	other	0
01	740	Picture	mfsi	2358997	407	1	167	1	80	next	miss	0
01	741	Picture	---fixation---	2362165	0	1	1667	1	0	4000	other	0
01	742	Picture	mnsi	2364165	293	1	167	1	80	next	miss	0
01	743	Picture	---fixation---	2367500	0	1	1834	1	0	5000	other	0
01	744	Picture	mfsd	2369834	375	1	167	1	80	next	miss	0
01	745	Picture	---fixation---	2373002	0	1	2168	1	0	5000	other	0
01	746	Picture	mnsd	2375670	420	1	167	1	80	next	miss	0
01	747	Picture	---fixation---	2379005	0	1	1667	1	0	5000	other	0
01	748	Picture	mn	2381006	80	1	167	1	80	next	miss	0
01	749	Picture	---fixation---	2384674	0	1	2001	1	0	4000	other	0
01	750	Picture	mfsi	2387175	446	1	167	1	80	next	miss	0
01	751	Picture	---fixation---	2390510	0	1	2334	1	0	5000	other	0
01	752	Picture	mf	2393178	80	1	167	1	80	next	miss	0
01	753	Picture	---fixation---	2396679	0	1	2168	1	0	5000	other	0
01	754	Picture	mfsi	2399347	427	1	167	1	80	next	miss	0
01	755	Picture	---fixation---	2402682	0	1	2001	1	0	4000	other	0
01	756	Picture	mf	2405016	80	1	167	1	80	next	miss	0
01	757	Picture	---fixation---	2408684	0	1	2334	1	0	4000	other	0
01	758	Picture	mnsi	2411519	408	1	167	1	80	next	miss	0
01	759	Picture	---fixation---	2414687	0	1	1667	1	0	5000	other	0
01	760	Picture	mn	2416688	80	1	167	1	80	next	miss	0
01	761	Picture	---fixation---	2420356	0	1	2001	1	0	4000	other	0
01	762	Picture	mfsd	2422857	470	1	167	1	80	next	miss	0
01	763	Picture	---fixation---	2426192	0	1	2168	1	0	6000	other	0
01	764	Picture	mn	2428693	80	1	167	1	80	next	miss	0
01	765	Picture	---fixation---	2432194	0	1	2001	1	0	5000	other	0
01	766	Picture	mnsd	2434695	423	1	167	1	80	next	miss	0
01	767	Picture	---fixation---	2438030	0	1	1667	1	0	5000	other	0
01	768	Picture	mn	2440031	80	1	167	1	80	next	miss	0
01	769	Picture	---fixation---	2443532	0	1	2001	1	0	6000	other	0
01	770	Picture	mfsd	2446033	383	1	167	1	80	next	miss	0
01	771	Picture	---fixation---	2449368	0	1	1667	1	0	4000	other	0
01	772	Picture	mfsd	2451536	400	1	167	1	80	next	miss	0
01	773	Picture	---fixation---	2454537	0	1	2001	1	0	6000	other	0
01	774	Picture	mnsi	2457038	416	1	167	1	80	next	miss	0
01	775	Picture	---fixation---	2460373	0	1	1834	1	0	4000	other	0
01	776	Picture	mnsd	2462707	396	1	167	1	80	next	miss	0
01	777	Picture	---fixation---	2465875	0	1	2001	1	0	5000	other	0
01	778	Picture	mfsd	2468376	377	1	167	1	80	next	miss	0
01	779	Picture	---fixation---	2471544	0	1	1667	1	0	4000	other	0
01	780	Picture	mnsi	2473712	430	1	167	1	80	next	miss	0
01	781	Picture	---fixation---	2477046	0	1	1834	1	0	6000	other	0
01	782	Picture	mfsi	2479381	410	1	167	1	80	next	miss	0
01	783	Picture	---fixation---	2482549	0	1	2168	1	0	5000	other	0
01	784	Picture	mf	2485050	80	1	167	1	80	next	miss	0
01	785	Picture	---fixation---	2488551	0	1	2501	1	0	6000	other	0
01	786	Picture	mfsi	2491553	391	1	167	1	80	next	miss	0
01	787	Picture	---fixation---	2494721	0	1	1834	1	0	5000	other	0
01	788	Picture	mn	2496888	80	1	167	1	80	next	miss	0
01	789	Picture	---fixation---	2500556	0	1	2168	1	0	5000	other	0
01	790	Picture	mnsd	2503224	380	1	167	1	80	next	miss	0
01	791	Picture	---fixation---	2506392	0	1	1667	1	0	4000	other	0
01	792	Picture	mn	2508393	80	1	167	1	80	next	miss	0
01	793	Picture	---fixation---	2512061	0	1	1667	1	0	6000	other	0
01	794	Picture	mn	2514062	80	1	167	1	80	next	miss	0
01	795	Picture	---fixation---	2517730	0	1	2001	1	0	5000	other	0
01	796	Picture	mnsi	2520231	422	1	167	1	80	next	miss	0
01	797	Picture	---fixation---	2523233	0	1	2001	1	0	5000	other	0
01	798	Picture	mn	2525567	80	1	167	1	80	next	miss	0
01	799	Picture	---fixation---	2529235	0	1	2168	1	0	5000	other	0
01	800	Picture	mn	2531736	80	1	167	1	80	next	miss	0
01	801	Picture	---fixation---	2535238	0	1	2001	1	0	6000	other	0
01	802	Picture	mfsi	2537572	290	1	167	1	80	next	miss	0
01	803	Picture	---fixation---	2540740	0	1	2168	1	0	4000	other	0
01	804	Picture	mfsd	2543241	270	1	167	1	80	next	miss	0
01	805	Picture	---fixation---	2546409	0	1	1667	1	0	4000	other	0
01	806	Picture	mfsi	2548577	425	1	167	1	80	next	miss	0
01	807	Picture	---fixation---	2551745	0	1	2001	1	0	4000	other	0
01	808	Picture	mfsi	2554246	405	1	167	1	80	next	miss	0
01	809	Picture	---fixation---	2557414	0	1	2334	1	0	6000	other	0
01	810	Picture	mfsd	2560248	414	1	167	1	80	next	miss	0
01	811	Picture	---fixation---	2563583	0	1	1667	1	0	6000	other	0
01	812	Picture	mf	2565584	80	1	167	1	80	next	miss	0
01	813	Picture	---fixation---	2569085	0	1	1667	1	0	5000	other	0
01	814	Picture	mn	2571086	80	1	167	1	80	next	miss	0
01	815	Picture	---fixation---	2574754	0	1	2168	1	0	6000	other	0
01	816	Picture	mnsd	2577422	419	1	167	1	80	next	miss	0
01	817	Picture	---fixation---	2580757	0	1	1667	1	0	6000	other	0
01	818	Picture	mnsd	2582758	269	1	167	1	80	next	miss	0
01	819	Picture	---fixation---	2586259	0	1	1667	1	0	5000	other	0
01	820	Picture	mnsd	2588260	286	1	167	1	80	next	miss	0
01	821	Picture	---fixation---	2591595	0	1	1667	1	0	6000	other	0
01	822	Picture	mnsd	2593762	404	1	167	1	80	next	miss	0
01	823	Picture	---fixation---	2597097	0	1	2334	1	0	5000	other	0
01	824	Picture	mn	2599765	80	1	167	1	80	next	miss	0
01	825	Picture	---fixation---	2603433	0	1	2168	1	0	4000	other	0
01	826	Picture	mfsd	2606101	450	1	167	1	80	next	miss	0
01	827	Picture	---fixation---	2609436	0	1	2168	1	0	5000	other	0
01	828	Picture	mfsd	2611937	293	1	167	1	80	next	miss	0
01	829	Picture	---fixation---	2615438	0	1	2334	1	0	4000	other	0
01	830	Picture	mnsi	2618273	432	1	167	1	80	next	miss	0
01	831	Picture	---fixation---	2621441	0	1	2001	1	0	6000	other	0
01	832	Picture	mfsd	2623942	412	1	167	1	80	next	miss	0
01	833	Picture	---fixation---	2627110	0	1	2334	1	0	6000	other	0
01	834	Picture	mf	2629778	80	1	167	1	80	next	miss	0
01	835	Picture	---fixation---	2633446	0	1	1667	1	0	4000	other	0
01	836	Picture	mf	2635447	80	1	167	1	80	next	miss	0
01	837	Picture	---fixation---	2639115	0	1	2001	1	0	4000	other	0
01	838	Picture	mfsi	2641616	410	1	167	1	80	next	miss	0
01	839	Picture	---fixation---	2644951	0	1	2001	1	0	4000	other	0
01	840	Picture	mfsi	2647285	288	1	167	1	80	next	miss	0
01	841	Picture	---fixation---	2650786	0	1	2001	1	0	6000	other	0
01	842	Picture	mf	2653121	80	1	167	1	80	next	miss	0
01	843	Picture	---fixation---	2656456	0	1	2001	1	0	6000	other	0
01	844	Picture	mnsi	2658957	379	1	167	1	80	next	miss	0
01	845	Picture	---fixation---	2661958	0	1	1667	1	0	6000	other	0
01	846	Picture	mnsi	2664125	367	1	167	1	80	next	miss	0
01	847	Picture	---fixation---	2667293	0	1	2334	1	0	5000	other	0
01	848	Picture	mfsd	2670128	376	1	167	1	80	next	miss	0
01	849	Picture	---fixation---	2673296	0	1	2168	1	0	5000	other	0
01	850	Picture	mn	2675797	80	1	167	1	80	next	miss	0
01	851	Picture	---fixation---	2679132	0	1	1667	1	0	6000	other	0
01	852	Picture	mn	2681133	80	1	167	1	80	next	miss	0
01	853	Picture	---fixation---	2684801	0	1	1667	1	0	4000	other	0
01	854	Picture	mnsd	2686968	454	1	167	1	80	next	miss	0
01	855	Picture	===Block Change===	2690303	0	1	103377	1	0	next	other	0
01	855	Response	3	2793509	103206	0
01	856	Picture	---fixation---	2793680	0	1	1667	1	0	4000	other	0
01	857	Sound	sd	2795191	0	1			0		miss	0
01	858	Picture	---fixation---	2798682	0	1	1501	1	0	5000	other	0
01	859	Picture	mfsi	2800850	558	1	167	1	80	next	miss	0
01	860	Picture	---fixation---	2803851	0	1	1834	1	0	4000	other	0
01	861	Picture	mnsi	2806019	241	1	167	1	80	next	miss	0
01	862	Picture	---fixation---	2809353	0	1	1667	1	0	5000	other	0
01	863	Sound	si	2810836	0	1			0		miss	0
01	864	Picture	---fixation---	2814356	0	1	1667	1	0	5000	other	0
01	865	Picture	mfsi	2816523	383	1	167	1	80	next	miss	0
01	866	Picture	---fixation---	2819524	0	1	1501	1	0	6000	other	0
01	867	Picture	mfsi	2821359	241	1	167	1	80	next	miss	0
01	868	Picture	---fixation---	2824527	0	1	1334	1	0	4000	other	0
01	869	Picture	mnsi	2826361	367	1	167	1	80	next	miss	0
01	870	Picture	---fixation---	2829529	0	1	2501	1	0	5000	other	0
01	871	Sound	sd	2831864	0	1			0		miss	0
01	872	Picture	---fixation---	2835364	0	1	2001	1	0	4000	other	0
01	873	Picture	mnsd	2837866	392	1	167	1	80	next	miss	0
01	874	Picture	---fixation---	2841034	0	1	1501	1	0	6000	other	0
01	875	Picture	mnsd	2843034	380	1	167	1	80	next	miss	0
01	876	Picture	---fixation---	2846202	0	1	1834	1	0	6000	other	0
01	877	Picture	mnsd	2848537	397	1	167	1	80	next	miss	0
01	878	Picture	---fixation---	2851705	0	1	1834	1	0	5000	other	0
01	879	Picture	mnsd	2853872	247	1	167	1	80	next	miss	0
01	880	Picture	---fixation---	2857207	0	1	2001	1	0	4000	other	0
01	881	Picture	mfsd	2859708	394	1	167	1	80	next	miss	0
01	882	Picture	---fixation---	2862709	0	1	1834	1	0	4000	other	0
01	883	Picture	mnsi	2864877	280	1	167	1	80	next	miss	0
01	884	Picture	---fixation---	2868212	0	1	2001	1	0	4000	other	0
01	885	Sound	si	2870061	0	1			0		miss	0
01	886	Picture	---fixation---	2873547	0	1	2168	1	0	5000	other	0
01	887	Sound	sd	2875547	0	1			0		miss	0
01	888	Picture	---fixation---	2879050	0	1	1834	1	0	6000	other	0
01	889	Picture	mfsi	2881217	265	1	167	1	80	next	miss	0
01	890	Picture	---fixation---	2884552	0	1	1667	1	0	4000	other	0
01	891	Picture	mnsd	2886553	216	1	167	1	80	next	miss	0
01	892	Picture	---fixation---	2889887	0	1	1834	1	0	6000	other	0
01	893	Sound	si	2891598	0	1			0		miss	0
01	894	Picture	---fixation---	2895056	0	1	2168	1	0	4000	other	0
01	895	Picture	mfsd	2897557	249	1	167	1	80	next	miss	0
01	896	Picture	---fixation---	2900892	0	1	1667	1	0	5000	other	0
01	897	Picture	mnsi	2903060	368	1	167	1	80	next	miss	0
01	898	Picture	---fixation---	2906228	0	1	2001	1	0	6000	other	0
01	899	Sound	si	2908055	0	1			0		miss	0
01	900	Picture	---fixation---	2911563	0	1	1501	1	0	5000	other	0
01	901	Picture	mfsd	2913397	242	1	167	1	80	next	miss	0
01	902	Picture	---fixation---	2916732	0	1	1667	1	0	4000	other	0
01	903	Picture	mnsd	2918733	295	1	167	1	80	next	miss	0
01	904	Picture	---fixation---	2922068	0	1	2001	1	0	5000	other	0
01	905	Sound	si	2923902	0	1			0		miss	0
01	906	Picture	---fixation---	2927403	0	1	1501	1	0	5000	other	0
01	907	Picture	mfsi	2929404	401	1	167	1	80	next	miss	0
01	908	Picture	---fixation---	2932572	0	1	1667	1	0	6000	other	0
01	909	Picture	mfsi	2934573	287	1	167	1	80	next	miss	0
01	910	Picture	---fixation---	2937908	0	1	2168	1	0	4000	other	0
01	911	Picture	mfsi	2940409	231	1	167	1	80	next	miss	0
01	912	Picture	---fixation---	2943744	0	1	1667	1	0	4000	other	0
01	913	Picture	mnsi	2945744	284	1	167	1	80	next	miss	0
01	914	Picture	---fixation---	2949079	0	1	1501	1	0	4000	other	0
01	915	Picture	mfsi	2950913	272	1	167	1	80	next	miss	0
01	916	Picture	---fixation---	2954248	0	1	1667	1	0	6000	other	0
01	917	Sound	sd	2955801	0	1			0		miss	0
01	918	Picture	---fixation---	2959250	0	1	1501	1	0	5000	other	0
01	919	Picture	mnsd	2961084	284	1	167	1	80	next	miss	0
01	920	Picture	---fixation---	2964419	0	1	2001	1	0	4000	other	0
01	921	Picture	mfsd	2966753	264	1	167	1	80	next	miss	0
01	922	Picture	---fixation---	2970088	0	1	1834	1	0	6000	other	0
01	923	Picture	mnsd	2972256	281	1	167	1	80	next	miss	0
01	924	Picture	---fixation---	2975424	0	1	2001	1	0	4000	other	0
01	925	Sound	si	2977236	0	1			0		miss	0
01	926	Picture	---fixation---	2980592	0	1	1501	1	0	6000	other	0
01	927	Picture	mfsd	2982427	293	1	167	1	80	next	miss	0
01	928	Picture	---fixation---	2985761	0	1	1834	1	0	4000	other	0
01	929	Picture	mfsi	2988096	375	1	167	1	80	next	miss	0
01	930	Picture	---fixation---	2991264	0	1	1667	1	0	6000	other	0
01	931	Sound	si	2992779	0	1			0		miss	0
01	932	Picture	---fixation---	2996266	0	1	1501	1	0	4000	other	0
01	933	Picture	mnsd	2998267	387	1	167	1	80	next	miss	0
01	934	Picture	---fixation---	3001435	0	1	2001	1	0	4000	other	0
01	935	Picture	mfsi	3003769	302	1	167	1	80	next	miss	0
01	936	Picture	---fixation---	3007104	0	1	2001	1	0	6000	other	0
01	937	Sound	sd	3008931	0	1			0		miss	0
01	938	Picture	---fixation---	3012439	0	1	2001	1	0	4000	other	0
01	939	Picture	mnsi	3014774	234	1	167	1	80	next	miss	0
01	940	Picture	---fixation---	3018108	0	1	1834	1	0	6000	other	0
01	941	Picture	mfsd	3020276	250	1	167	1	80	next	miss	0
01	942	Picture	---fixation---	3023611	0	1	1667	1	0	4000	other	0
01	943	Picture	mnsi	3025611	303	1	167	1	80	next	miss	0
01	944	Picture	---fixation---	3028946	0	1	2168	1	0	4000	other	0
01	945	Sound	sd	3030976	0	1			0		miss	0
01	946	Picture	---fixation---	3034449	0	1	1501	1	0	4000	other	0
01	947	Picture	mnsd	3036449	373	1	167	1	80	next	miss	0
01	948	Picture	---fixation---	3039617	0	1	1667	1	0	6000	other	0
01	949	Picture	mnsd	3041618	259	1	167	1	80	next	miss	0
01	950	Picture	---fixation---	3044953	0	1	1501	1	0	4000	other	0
01	951	Picture	mfsd	3046787	247	1	167	1	80	next	miss	0
01	952	Picture	---fixation---	3050122	0	1	1667	1	0	5000	other	0
01	953	Picture	mnsi	3052123	300	1	167	1	80	next	miss	0
01	954	Picture	---fixation---	3055457	0	1	1667	1	0	6000	other	0
01	955	Picture	mfsd	3057458	252	1	167	1	80	next	miss	0
01	956	Picture	---fixation---	3060793	0	1	1501	1	0	4000	other	0
01	957	Picture	mfsd	3062627	239	1	167	1	80	next	miss	0
01	958	Picture	---fixation---	3065795	0	1	2001	1	0	4000	other	0
01	959	Sound	si	3067649	0	1			0		miss	0
01	960	Picture	---fixation---	3071131	0	1	1667	1	0	4000	other	0
01	961	Sound	sd	3072626	0	1			0		miss	0
01	962	Picture	---fixation---	3076133	0	1	1667	1	0	6000	other	0
01	963	Picture	mnsd	3078134	305	1	167	1	80	next	miss	0
01	964	Picture	---fixation---	3081468	0	1	1834	1	0	6000	other	0
01	965	Sound	si	3083192	0	1			0		miss	0
01	966	Picture	---fixation---	3086637	0	1	1667	1	0	5000	other	0
01	967	Picture	mfsd	3088638	244	1	167	1	80	next	miss	0
01	968	Picture	---fixation---	3091973	0	1	1667	1	0	5000	other	0
01	969	Picture	mfsd	3093974	297	1	167	1	80	next	miss	0
01	970	Picture	---fixation---	3097308	0	1	1834	1	0	4000	other	0
01	971	Picture	mnsi	3099643	379	1	167	1	80	next	miss	0
01	972	Picture	---fixation---	3102811	0	1	1501	1	0	5000	other	0
01	973	Picture	mnsd	3104645	302	1	167	1	80	next	miss	0
01	974	Picture	---fixation---	3107980	0	1	2001	1	0	6000	other	0
01	975	Sound	sd	3109808	0	1			0		miss	0
01	976	Picture	+++relax+++	3113315	0	1	222094	1	0	next	other	0
01	976	Response	3	3335271	221956	0
01	977	Picture	---fixation---	3335409	0	1	15507	1	0	4000	other	0
01	978	Sound	si	3350773	0	1			0		miss	0
01	979	Picture	---fixation---	3354250	0	1	1501	1	0	5000	other	0
01	980	Picture	mnsi	3356251	377	1	167	1	80	next	miss	0
01	981	Picture	---fixation---	3359419	0	1	1834	1	0	5000	other	0
01	982	Picture	mfsi	3361754	394	1	167	1	80	next	miss	0
01	983	Picture	---fixation---	3364922	0	1	1834	1	0	6000	other	0
01	984	Picture	mfsi	3367089	244	1	167	1	80	next	miss	0
01	985	Picture	---fixation---	3370424	0	1	1667	1	0	4000	other	0
01	986	Picture	mnsi	3372425	297	1	167	1	80	next	miss	0
01	987	Picture	---fixation---	3375759	0	1	1667	1	0	6000	other	0
01	988	Picture	mfsi	3377760	248	1	167	1	80	next	miss	0
01	989	Picture	---fixation---	3381095	0	1	1834	1	0	6000	other	0
01	990	Sound	sd	3382773	0	1			0		miss	0
01	991	Picture	---fixation---	3386264	0	1	1667	1	0	5000	other	0
01	992	Picture	mnsd	3388265	289	1	167	1	80	next	miss	0
01	993	Picture	---fixation---	3391599	0	1	1501	1	0	5000	other	0
01	994	Picture	mnsi	3393434	277	1	167	1	80	next	miss	0
01	995	Picture	---fixation---	3396602	0	1	2001	1	0	4000	other	0
01	996	Sound	sd	3398417	0	1			0		miss	0
01	997	Picture	---fixation---	3401937	0	1	2001	1	0	6000	other	0
01	998	Picture	mnsd	3404271	245	1	167	1	80	next	miss	0
01	999	Picture	---fixation---	3407606	0	1	1667	1	0	5000	other	0
01	1000	Picture	mfsd	3409607	298	1	167	1	80	next	miss	0
01	1001	Picture	---fixation---	3412942	0	1	2001	1	0	6000	other	0
01	1002	Sound	sd	3414875	0	1			0		miss	0
01	1003	Picture	---fixation---	3418277	0	1	2168	1	0	6000	other	0
01	1004	Sound	sd	3420259	0	1			0		miss	0
01	1005	Picture	---fixation---	3423780	0	1	1667	1	0	4000	other	0
01	1006	Picture	mnsi	3425947	384	1	167	1	80	next	miss	0
01	1007	Picture	---fixation---	3429115	0	1	2001	1	0	4000	other	0
01	1008	Sound	si	3430925	0	1			0		miss	0
01	1009	Picture	---fixation---	3434284	0	1	1834	1	0	5000	other	0
01	1010	Sound	si	3436005	0	1			0		miss	0
01	1011	Picture	---fixation---	3439453	0	1	1501	1	0	5000	other	0
01	1012	Picture	mnsi	3441287	283	1	167	1	80	next	miss	0
01	1013	Picture	---fixation---	3444622	0	1	2168	1	0	5000	other	0
01	1014	Sound	si	3446570	0	1			0		miss	0
01	1015	Picture	---fixation---	3449957	0	1	1667	1	0	5000	other	0
01	1016	Picture	mfsi	3451958	287	1	167	1	80	next	miss	0
01	1017	Picture	---fixation---	3455293	0	1	2001	1	0	5000	other	0
01	1018	Sound	si	3457135	0	1			0		miss	0
01	1019	Picture	---fixation---	3460629	0	1	1834	1	0	4000	other	0
01	1020	Picture	mnsd	3462796	256	1	167	1	80	next	miss	0
01	1021	Picture	---fixation---	3466131	0	1	1834	1	0	4000	other	0
01	1022	Picture	mfsd	3468299	272	1	167	1	80	next	miss	0
01	1023	Picture	---fixation---	3471633	0	1	1834	1	0	5000	other	0
01	1024	Picture	mnsd	3473801	289	1	167	1	80	next	miss	0
01	1025	Picture	---fixation---	3477136	0	1	1834	1	0	5000	other	0
01	1026	Sound	si	3478875	0	1			0		miss	0
01	1027	Picture	---fixation---	3482304	0	1	1501	1	0	5000	other	0
01	1028	Picture	mfsi	3484139	264	1	167	1	80	next	miss	0
01	1029	Picture	---fixation---	3487473	0	1	1501	1	0	5000	other	0
01	1030	Picture	mfsi	3489307	252	1	167	1	80	next	miss	0
01	1031	Picture	---fixation---	3492642	0	1	1667	1	0	6000	other	0
01	1032	Picture	mfsi	3494810	371	1	167	1	80	next	miss	0
01	1033	Picture	---fixation---	3497978	0	1	1667	1	0	5000	other	0
01	1034	Sound	si	3499497	0	1			0		miss	0
01	1035	Picture	---fixation---	3502980	0	1	1501	1	0	6000	other	0
01	1036	Picture	mnsd	3504981	383	1	167	1	80	next	miss	0
01	1037	Picture	---fixation---	3508149	0	1	1501	1	0	6000	other	0
01	1038	Picture	mfsd	3510150	371	1	167	1	80	next	miss	0
01	1039	Picture	---fixation---	3513318	0	1	1667	1	0	5000	other	0
01	1040	Picture	mnsd	3515318	257	1	167	1	80	next	miss	0
01	1041	Picture	---fixation---	3518653	0	1	1834	1	0	5000	other	0
01	1042	Picture	mnsd	3520821	274	1	167	1	80	next	miss	0
01	1043	Picture	---fixation---	3523989	0	1	1834	1	0	6000	other	0
01	1044	Sound	sd	3525605	0	1			0		miss	0
01	1045	Picture	---fixation---	3528991	0	1	1667	1	0	6000	other	0
01	1046	Picture	mnsi	3530992	286	1	167	1	80	next	miss	0
01	1047	Picture	---fixation---	3534326	0	1	1834	1	0	4000	other	0
01	1048	Picture	mnsi	3536494	302	1	167	1	80	next	miss	0
01	1049	Picture	---fixation---	3539829	0	1	2001	1	0	5000	other	0
01	1050	Picture	mfsd	3542163	283	1	167	1	80	next	miss	0
01	1051	Picture	---fixation---	3545498	0	1	1501	1	0	5000	other	0
01	1052	Picture	mnsi	3547332	270	1	167	1	80	next	miss	0
01	1053	Picture	---fixation---	3550667	0	1	2001	1	0	4000	other	0
01	1054	Sound	si	3552526	0	1			0		miss	0
01	1055	Picture	---fixation---	3556002	0	1	1834	1	0	4000	other	0
01	1056	Sound	sd	3557707	0	1			0		miss	0
01	1057	Picture	---fixation---	3561171	0	1	1667	1	0	6000	other	0
01	1058	Picture	mnsd	3563172	263	1	167	1	80	next	miss	0
01	1059	Picture	---fixation---	3566507	0	1	1834	1	0	4000	other	0
01	1060	Sound	si	3568272	0	1			0		miss	0
01	1061	Picture	---fixation---	3571676	0	1	1834	1	0	4000	other	0
01	1062	Sound	si	3573351	0	1			0		miss	0
01	1063	Picture	---fixation---	3576844	0	1	1667	1	0	5000	other	0
01	1064	Sound	si	3578329	0	1			0		miss	0
01	1065	Picture	---fixation---	3581847	0	1	1834	1	0	5000	other	0
01	1066	Picture	mfsi	3584014	279	1	167	1	80	next	miss	0
01	1067	Picture	---fixation---	3587349	0	1	1501	1	0	4000	other	0
01	1068	Picture	mnsd	3589183	267	1	167	1	80	next	miss	0
01	1069	Picture	---fixation---	3592351	0	1	1834	1	0	6000	other	0
01	1070	Sound	sd	3594075	0	1			0		miss	0
01	1071	Picture	---fixation---	3597520	0	1	1667	1	0	4000	other	0
01	1072	Picture	mnsi	3599521	243	1	167	1	80	next	miss	0
01	1073	Picture	---fixation---	3602855	0	1	2001	1	0	6000	other	0
01	1074	Picture	mnsd	3605190	223	1	167	1	80	next	miss	0
01	1075	Picture	---fixation---	3608525	0	1	2001	1	0	6000	other	0
01	1076	Sound	sd	3610329	0	1			0		miss	0
01	1077	Picture	---fixation---	3613693	0	1	1667	1	0	5000	other	0
01	1078	Picture	mnsi	3615694	264	1	167	1	80	next	miss	0
01	1079	Picture	---fixation---	3619029	0	1	1667	1	0	5000	other	0
01	1080	Picture	mnsd	3621197	382	1	167	1	80	next	miss	0
01	1081	Picture	---fixation---	3624365	0	1	1834	1	0	6000	other	0
01	1082	Sound	sd	3626075	0	1			0		miss	0
01	1083	Picture	---fixation---	3629533	0	1	1834	1	0	4000	other	0
01	1084	Picture	mfsi	3631868	387	1	167	1	80	next	miss	0
01	1085	Picture	---fixation---	3635036	0	1	1667	1	0	6000	other	0
01	1086	Sound	sd	3636539	0	1			0		miss	0
01	1087	Picture	---fixation---	3640038	0	1	1667	1	0	5000	other	0
01	1088	Sound	sd	3641618	0	1			0		miss	0
01	1089	Picture	---fixation---	3645040	0	1	1834	1	0	4000	other	0
01	1090	Picture	mfsi	3647208	285	1	167	1	80	next	miss	0
01	1091	Picture	---fixation---	3650542	0	1	1501	1	0	5000	other	0
01	1092	Picture	mnsd	3652376	273	1	167	1	80	next	miss	0
01	1093	Picture	---fixation---	3655711	0	1	1834	1	0	4000	other	0
01	1094	Sound	si	3657466	0	1			0		miss	0
01	1095	Picture	---fixation---	3660880	0	1	1501	1	0	6000	other	0
01	1096	Picture	mfsi	3662714	249	1	167	1	80	next	miss	0
01	1097	Picture	+++relax+++	3666049	0	1	42184	1	0	next	other	0
01	1097	Response	3	3708071	42022	0
01	1098	Picture	---fixation---	3708233	0	1	1501	1	0	4000	other	0
01	1099	Picture	mnsi	3710067	263	1	167	1	80	next	miss	0
01	1100	Picture	---fixation---	3713402	0	1	2001	1	0	5000	other	0
01	1101	Picture	mfsd	3715736	243	1	167	1	80	next	miss	0
01	1102	Picture	---fixation---	3719071	0	1	1501	1	0	6000	other	0
01	1103	Picture	mnsd	3720905	231	1	167	1	80	next	miss	0
01	1104	Picture	---fixation---	3724240	0	1	2001	1	0	5000	other	0
01	1105	Picture	mnsi	3726741	378	1	167	1	80	next	miss	0
01	1106	Picture	---fixation---	3729909	0	1	1834	1	0	6000	other	0
01	1107	Picture	mfsd	3732243	394	1	167	1	80	next	miss	0
01	1108	Picture	---fixation---	3735411	0	1	1834	1	0	4000	other	0
01	1109	Picture	mfsi	3737579	244	1	167	1	80	next	miss	0
01	1110	Picture	---fixation---	3744249	0	1	2168	1	0	4000	other	0
01	1111	Picture	mnsi	3746750	272	1	167	1	80	next	miss	0
01	1112	Picture	---fixation---	3750084	0	1	1834	1	0	5000	other	0
01	1113	Picture	mfsi	3752252	288	1	167	1	80	next	miss	0
01	1114	Picture	---fixation---	3755420	0	1	2001	1	0	6000	other	0
01	1115	Sound	si	3757326	0	1			0		miss	0
01	1116	Picture	---fixation---	3760755	0	1	1501	1	0	4000	other	0
01	1117	Picture	mnsi	3762590	264	1	167	1	80	next	miss	0
01	1118	Picture	---fixation---	3765924	0	1	1667	1	0	5000	other	0
01	1119	Picture	mfsd	3768092	382	1	167	1	80	next	miss	0
01	1120	Picture	---fixation---	3771260	0	1	1667	1	0	5000	other	0
01	1121	Picture	mnsd	3773261	269	1	167	1	80	next	miss	0
01	1122	Picture	---fixation---	3776429	0	1	1667	1	0	4000	other	0
01	1123	Sound	sd	3777948	0	1			0		miss	0
01	1124	Picture	---fixation---	3781431	0	1	2001	1	0	4000	other	0
01	1125	Picture	mfsi	3783932	375	1	167	1	80	next	miss	0
01	1126	Picture	---fixation---	3787100	0	1	1667	1	0	5000	other	0
01	1127	Picture	mnsd	3789101	261	1	167	1	80	next	miss	0
01	1128	Picture	---fixation---	3792436	0	1	2001	1	0	5000	other	0
01	1129	Sound	sd	3794304	0	1			0		miss	0
01	1130	Picture	---fixation---	3797771	0	1	2001	1	0	5000	other	0
01	1131	Picture	mnsd	3800105	294	1	167	1	80	next	miss	0
01	1132	Picture	---fixation---	3803440	0	1	2168	1	0	6000	other	0
01	1133	Picture	mnsd	3806108	405	1	167	1	80	next	miss	0
01	1134	Picture	---fixation---	3809276	0	1	1501	1	0	4000	other	0
01	1135	Picture	mfsd	3811277	393	1	167	1	80	next	miss	0
01	1136	Picture	---fixation---	3814445	0	1	1501	1	0	6000	other	0
01	1137	Sound	sd	3815840	0	1			0		miss	0
01	1138	Picture	---fixation---	3819280	0	1	1501	1	0	5000	other	0
01	1139	Picture	mnsd	3821114	275	1	167	1	80	next	miss	0
01	1140	Picture	---fixation---	3824449	0	1	1834	1	0	6000	other	0
01	1141	Picture	mnsi	3826617	291	1	167	1	80	next	miss	0
01	1142	Picture	---fixation---	3829951	0	1	1501	1	0	6000	other	0
01	1143	Picture	mfsd	3831786	279	1	167	1	80	next	miss	0
01	1144	Picture	---fixation---	3835120	0	1	1834	1	0	4000	other	0
01	1145	Picture	mnsd	3837288	296	1	167	1	80	next	miss	0
01	1146	Picture	---fixation---	3840623	0	1	1834	1	0	4000	other	0
01	1147	Picture	mnsi	3842957	377	1	167	1	80	next	miss	0
01	1148	Picture	---fixation---	3846125	0	1	1834	1	0	4000	other	0
01	1149	Picture	mfsd	3848459	394	1	167	1	80	next	miss	0
01	1150	Picture	---fixation---	3851627	0	1	1667	1	0	5000	other	0
01	1151	Picture	mfsi	3853628	280	1	167	1	80	next	miss	0
01	1152	Picture	---fixation---	3856963	0	1	1834	1	0	5000	other	0
01	1153	Picture	mnsi	3859130	297	1	167	1	80	next	miss	0
01	1154	Picture	---fixation---	3862465	0	1	1834	1	0	5000	other	0
01	1155	Picture	mfsi	3864799	379	1	167	1	80	next	miss	0
01	1156	Picture	---fixation---	3867801	0	1	1667	1	0	6000	other	0
01	1157	Sound	si	3869276	0	1			0		miss	0
01	1158	Picture	---fixation---	3872803	0	1	1667	1	0	5000	other	0
01	1159	Picture	mnsd	3874970	391	1	167	1	80	next	miss	0
01	1160	Picture	---fixation---	3878138	0	1	1667	1	0	4000	other	0
01	1161	Sound	sd	3879739	0	1			0		miss	0
01	1162	Picture	---fixation---	3883141	0	1	1501	1	0	4000	other	0
01	1163	Picture	mnsi	3884975	236	1	167	1	80	next	miss	0
01	1164	Picture	---fixation---	3888309	0	1	2001	1	0	6000	other	0
01	1165	Picture	mnsi	3890810	383	1	167	1	80	next	miss	0
01	1166	Picture	---fixation---	3893978	0	1	1501	1	0	6000	other	0
01	1167	Picture	mfsd	3895979	371	1	167	1	80	next	miss	0
01	1168	Picture	---fixation---	3899147	0	1	1834	1	0	4000	other	0
01	1169	Sound	sd	3900768	0	1			0		miss	0
01	1170	Picture	---fixation---	3904149	0	1	1667	1	0	4000	other	0
01	1171	Sound	sd	3905644	0	1			0		miss	0
01	1172	Picture	---fixation---	3908985	0	1	1501	1	0	5000	other	0
01	1173	Picture	mnsi	3910819	277	1	167	1	80	next	miss	0
01	1174	Picture	---fixation---	3914154	0	1	1501	1	0	6000	other	0
01	1175	Picture	mfsd	3915988	265	1	167	1	80	next	miss	0
01	1176	Picture	---fixation---	3919323	0	1	2001	1	0	4000	other	0
01	1177	Sound	sd	3921187	0	1			0		miss	0
01	1178	Picture	---fixation---	3924658	0	1	1667	1	0	5000	other	0
01	1179	Picture	mnsi	3926659	270	1	167	1	80	next	miss	0
01	1180	Picture	---fixation---	3929994	0	1	1667	1	0	6000	other	0
01	1181	Picture	mfsd	3932161	388	1	167	1	80	next	miss	0
01	1182	Picture	---fixation---	3935329	0	1	1667	1	0	6000	other	0
01	1183	Picture	mfsi	3937330	274	1	167	1	80	next	miss	0
01	1184	Picture	---fixation---	3940665	0	1	1834	1	0	4000	other	0
01	1185	Sound	si	3942317	0	1			0		miss	0
01	1186	Picture	---fixation---	3945667	0	1	1834	1	0	6000	other	0
01	1187	Sound	sd	3947396	0	1			0		miss	0
01	1188	Picture	---fixation---	3950836	0	1	2001	1	0	6000	other	0
01	1189	Picture	mfsd	3953170	267	1	167	1	80	next	miss	0
01	1190	Picture	---fixation---	3956505	0	1	2168	1	0	4000	other	0
01	1191	Sound	sd	3958571	0	1			0		miss	0
01	1192	Picture	---fixation---	3962007	0	1	1667	1	0	4000	other	0
01	1193	Sound	sd	3963549	0	1			0		miss	0
01	1194	Picture	---fixation---	3967009	0	1	1667	1	0	5000	other	0
01	1195	Picture	mfsi	3969010	259	1	167	1	80	next	miss	0
01	1196	Picture	---fixation---	3972345	0	1	1501	1	0	6000	other	0
01	1197	Picture	mnsd	3974179	247	1	167	1	80	next	miss	0
01	1198	Picture	---fixation---	3977347	0	1	1834	1	0	4000	other	0
01	1199	Sound	si	3979092	0	1			0		miss	0
01	1200	Picture	---fixation---	3982516	0	1	1667	1	0	4000	other	0
01	1201	Picture	mfsi	3984683	389	1	167	1	80	next	miss	0
01	1202	Picture	---fixation---	3987851	0	1	1667	1	0	4000	other	0
01	1203	Picture	mfsi	3989852	276	1	167	1	80	next	miss	0
01	1204	Picture	---fixation---	3993187	0	1	1667	1	0	5000	other	0
01	1205	Picture	mfsi	3995355	394	1	167	1	80	next	miss	0
01	1206	Picture	---fixation---	3998356	0	1	1501	1	0	5000	other	0
01	1207	Picture	mnsi	4000190	251	1	167	1	80	next	miss	0
01	1208	Picture	---fixation---	4003525	0	1	1501	1	0	6000	other	0
01	1209	Picture	mfsd	4005359	239	1	167	1	80	next	miss	0
01	1210	Picture	---fixation---	4008694	0	1	1834	1	0	5000	other	0
01	1211	Picture	mnsd	4010861	256	1	167	1	80	next	miss	0
01	1212	Picture	---fixation---	4014196	0	1	1501	1	0	5000	other	0
01	1213	Picture	mnsd	4016030	244	1	167	1	80	next	miss	0
01	1214	Picture	---fixation---	4019365	0	1	1501	1	0	5000	other	0
01	1215	Picture	mnsd	4021366	399	1	167	1	80	next	miss	0
01	1216	Picture	---fixation---	4024534	0	1	1834	1	0	4000	other	0
01	1217	Picture	mfsd	4026701	248	1	167	1	80	next	miss	0
01	1218	Picture	+++relax+++	4030036	0	1	35848	1	0	next	other	0
01	1218	Response	3	4065752	35716	0
01	1219	Picture	---fixation---	4065884	0	1	1834	1	0	4000	other	0
01	1220	Picture	mnsi	4068052	253	1	167	1	80	next	miss	0
01	1221	Picture	---fixation---	4071387	0	1	1501	1	0	5000	other	0
01	1222	Picture	mfsd	4073221	241	1	167	1	80	next	miss	0
01	1223	Picture	---fixation---	4076556	0	1	1667	1	0	4000	other	0
01	1224	Picture	mnsi	4078556	294	1	167	1	80	next	miss	0
01	1225	Picture	---fixation---	4081891	0	1	2334	1	0	4000	other	0
01	1226	Sound	si	4084031	0	1			0		miss	0
01	1227	Picture	---fixation---	4087560	0	1	2001	1	0	5000	other	0
01	1228	Picture	mfsi	4089895	254	1	167	1	80	next	miss	0
01	1229	Picture	---fixation---	4093229	0	1	1834	1	0	4000	other	0
01	1230	Picture	mnsd	4095397	271	1	167	1	80	next	miss	0
01	1231	Picture	---fixation---	4098732	0	1	2168	1	0	5000	other	0
01	1232	Sound	sd	4100793	0	1			0		miss	0
01	1233	Picture	---fixation---	4104234	0	1	1834	1	0	4000	other	0
01	1234	Picture	mnsi	4106402	304	1	167	1	80	next	miss	0
01	1235	Picture	---fixation---	4109736	0	1	2168	1	0	5000	other	0
01	1236	Sound	sd	4111765	0	1			0		miss	0
01	1237	Picture	---fixation---	4115239	0	1	1834	1	0	6000	other	0
01	1238	Picture	mfsd	4117406	236	1	167	1	80	next	miss	0
01	1239	Picture	---fixation---	4120741	0	1	1667	1	0	5000	other	0
01	1240	Sound	si	4122228	0	1			0		miss	0
01	1241	Picture	---fixation---	4125743	0	1	1834	1	0	4000	other	0
01	1242	Picture	mfsd	4127911	277	1	167	1	80	next	miss	0
01	1243	Picture	---fixation---	4131245	0	1	2168	1	0	6000	other	0
01	1244	Picture	mnsi	4133913	387	1	167	1	80	next	miss	0
01	1245	Picture	---fixation---	4137081	0	1	2001	1	0	6000	other	0
01	1246	Picture	mfsd	4139416	302	1	167	1	80	next	miss	0
01	1247	Picture	---fixation---	4142750	0	1	1667	1	0	6000	other	0
01	1248	Picture	mnsi	4144751	254	1	167	1	80	next	miss	0
01	1249	Picture	---fixation---	4148086	0	1	1501	1	0	5000	other	0
01	1250	Picture	mfsi	4149920	242	1	167	1	80	next	miss	0
01	1251	Picture	---fixation---	4153255	0	1	2001	1	0	4000	other	0
01	1252	Sound	si	4155041	0	1			0		miss	0
01	1253	Picture	---fixation---	4158424	0	1	1667	1	0	6000	other	0
01	1254	Picture	mfsi	4160424	282	1	167	1	80	next	miss	0
01	1255	Picture	---fixation---	4163759	0	1	1834	1	0	6000	other	0
01	1256	Sound	sd	4165505	0	1			0		miss	0
01	1257	Picture	---fixation---	4168928	0	1	1501	1	0	4000	other	0
01	1258	Picture	mnsi	4170762	258	1	167	1	80	next	miss	0
01	1259	Picture	---fixation---	4174097	0	1	1834	1	0	5000	other	0
01	1260	Picture	mfsd	4176264	275	1	167	1	80	next	miss	0
01	1261	Picture	---fixation---	4179599	0	1	1667	1	0	5000	other	0
01	1262	Picture	mnsi	4181600	226	1	167	1	80	next	miss	0
01	1263	Picture	---fixation---	4184935	0	1	1834	1	0	5000	other	0
01	1264	Picture	mnsi	4187102	243	1	167	1	80	next	miss	0
01	1265	Picture	---fixation---	4190437	0	1	2168	1	0	4000	other	0
01	1266	Picture	mfsd	4192938	288	1	167	1	80	next	miss	0
01	1267	Picture	---fixation---	4196273	0	1	1667	1	0	4000	other	0
01	1268	Sound	si	4197809	0	1			0		miss	0
01	1269	Picture	---fixation---	4201275	0	1	2168	1	0	5000	other	0
01	1270	Sound	sd	4203295	0	1			0		miss	0
01	1271	Picture	---fixation---	4206777	0	1	2001	1	0	4000	other	0
01	1272	Sound	si	4208578	0	1			0		miss	0
01	1273	Picture	---fixation---	4212113	0	1	2001	1	0	5000	other	0
01	1274	Sound	sd	4213962	0	1			0		miss	0
01	1275	Picture	---fixation---	4217449	0	1	1834	1	0	4000	other	0
01	1276	Picture	mfsd	4219616	249	1	167	1	80	next	miss	0
01	1277	Picture	---fixation---	4222951	0	1	1834	1	0	4000	other	0
01	1278	Sound	sd	4224629	0	1			0		miss	0
01	1279	Picture	---fixation---	4228120	0	1	1667	1	0	6000	other	0
01	1280	Sound	sd	4229606	0	1			0		miss	0
01	1281	Picture	---fixation---	4233122	0	1	2001	1	0	4000	other	0
01	1282	Sound	sd	4234990	0	1			0		miss	0
01	1283	Picture	---fixation---	4238457	0	1	2168	1	0	5000	other	0
01	1284	Picture	mfsd	4240958	258	1	167	1	80	next	miss	0
01	1285	Picture	---fixation---	4244293	0	1	1667	1	0	4000	other	0
01	1286	Sound	si	4245759	0	1			0		miss	0
01	1287	Picture	---fixation---	4249129	0	1	1667	1	0	5000	other	0
01	1288	Sound	sd	4250635	0	1			0		miss	0
01	1289	Picture	---fixation---	4254131	0	1	1834	1	0	6000	other	0
01	1290	Picture	mfsi	4256298	258	1	167	1	80	next	miss	0
01	1291	Picture	---fixation---	4259633	0	1	1834	1	0	4000	other	0
01	1292	Sound	sd	4261403	0	1			0		miss	0
01	1293	Picture	---fixation---	4264969	0	1	1834	1	0	6000	other	0
01	1294	Sound	si	4266686	0	1			0		miss	0
01	1295	Picture	---fixation---	4270137	0	1	1834	1	0	5000	other	0
01	1296	Picture	mfsi	4272472	380	1	167	1	80	next	miss	0
01	1297	Picture	---fixation---	4275640	0	1	2001	1	0	4000	other	0
01	1298	Sound	sd	4277555	0	1			0		miss	0
01	1299	Picture	---fixation---	4280975	0	1	1834	1	0	4000	other	0
01	1300	Picture	mnsd	4283143	283	1	167	1	80	next	miss	0
01	1301	Picture	---fixation---	4286478	0	1	2168	1	0	6000	other	0
01	1302	Sound	sd	4288527	0	1			0		miss	0
01	1303	Picture	---fixation---	4291980	0	1	1834	1	0	5000	other	0
01	1304	Picture	mnsi	4294314	382	1	167	1	80	next	miss	0
01	1305	Picture	---fixation---	4297482	0	1	1667	1	0	5000	other	0
01	1306	Picture	mnsd	4299483	268	1	167	1	80	next	miss	0
01	1307	Picture	---fixation---	4302818	0	1	1834	1	0	4000	other	0
01	1308	Picture	mfsd	4304986	285	1	167	1	80	next	miss	0
01	1309	Picture	---fixation---	4308320	0	1	1667	1	0	5000	other	0
01	1310	Sound	sd	4309860	0	1			0		miss	0
01	1311	Picture	---fixation---	4313322	0	1	1501	1	0	6000	other	0
01	1312	Picture	mnsd	4315157	297	1	167	1	80	next	miss	0
01	1313	Picture	---fixation---	4318491	0	1	1501	1	0	5000	other	0
01	1314	Picture	mfsd	4320325	285	1	167	1	80	next	miss	0
01	1315	Picture	---fixation---	4323660	0	1	1834	1	0	4000	other	0
01	1316	Picture	mnsd	4325828	301	1	167	1	80	next	miss	0
01	1317	Picture	---fixation---	4329162	0	1	2168	1	0	6000	other	0
01	1318	Sound	si	4331194	0	1			0		miss	0
01	1319	Picture	---fixation---	4334665	0	1	1834	1	0	5000	other	0
01	1320	Picture	mfsd	4336832	233	1	167	1	80	next	miss	0
01	1321	Picture	---fixation---	4340167	0	1	2001	1	0	5000	other	0
01	1322	Picture	mfsd	4342668	380	1	167	1	80	next	miss	0
01	1323	Picture	---fixation---	4345836	0	1	2168	1	0	5000	other	0
01	1324	Sound	si	4347854	0	1			0		miss	0
01	1325	Picture	---fixation---	4351338	0	1	2001	1	0	5000	other	0
01	1326	Sound	sd	4353238	0	1			0		miss	0
01	1327	Picture	---fixation---	4356674	0	1	1834	1	0	4000	other	0
01	1328	Picture	mfsi	4358842	299	1	167	1	80	next	miss	0
01	1329	Picture	---fixation---	4362176	0	1	1834	1	0	6000	other	0
01	1330	Picture	mnsd	4364344	214	1	167	1	80	next	miss	0
01	1331	Picture	---fixation---	4367679	0	1	1667	1	0	4000	other	0
01	1332	Sound	si	4369187	0	1			0		miss	0
01	1333	Picture	---fixation---	4372681	0	1	1501	1	0	6000	other	0
01	1334	Picture	mfsd	4374682	393	1	167	1	80	next	miss	0
01	1335	Picture	---fixation---	4377850	0	1	1501	1	0	4000	other	0
01	1336	Picture	mfsi	4379851	381	1	167	1	80	next	miss	0
01	1337	Picture	---fixation---	4383019	0	1	2001	1	0	6000	other	0
01	1338	Sound	si	4384832	0	1			0		miss	0
01	1339	Picture	+++relax+++	4388352	0	3	39519	3	0	next	other	0
01	1339	Response	3	4427752	39400	0
01	1340	Picture	---fixation---	4427871	0	1	1667	1	0	4000	other	0
01	1341	Sound	sd	4429429	0	1			0		miss	0
01	1342	Picture	---fixation---	4432873	0	1	1834	1	0	5000	other	0
01	1343	Picture	mfsi	4435207	373	1	167	1	80	next	miss	0
01	1344	Picture	---fixation---	4438375	0	1	1667	1	0	6000	other	0
01	1345	Picture	mnsd	4440376	259	1	167	1	80	next	miss	0
01	1346	Picture	---fixation---	4443711	0	1	1834	1	0	4000	other	0
01	1347	Sound	sd	4445378	0	1			0		miss	0
01	1348	Picture	---fixation---	4448880	0	1	1667	1	0	6000	other	0
01	1349	Picture	mfsd	4450881	300	1	167	1	80	next	miss	0
01	1350	Picture	---fixation---	4454215	0	1	1834	1	0	5000	other	0
01	1351	Picture	mnsd	4456550	382	1	167	1	80	next	miss	0
01	1352	Picture	---fixation---	4459718	0	1	2001	1	0	6000	other	0
01	1353	Sound	si	4461632	0	1			0		miss	0
01	1354	Picture	---fixation---	4465053	0	1	1834	1	0	6000	other	0
01	1355	Sound	sd	4466813	0	1			0		miss	0
01	1356	Picture	---fixation---	4470222	0	1	2001	1	0	6000	other	0
01	1357	Picture	mnsi	4472723	403	1	167	1	80	next	miss	0
01	1358	Picture	---fixation---	4475891	0	1	1667	1	0	4000	other	0
01	1359	Picture	mfsi	4477892	289	1	167	1	80	next	miss	0
01	1360	Picture	---fixation---	4481227	0	1	1834	1	0	6000	other	0
01	1361	Picture	mfsd	4483561	371	1	167	1	80	next	miss	0
01	1362	Picture	---fixation---	4486729	0	1	1667	1	0	4000	other	0
01	1363	Picture	mnsi	4488730	257	1	167	1	80	next	miss	0
01	1364	Picture	---fixation---	4492065	0	1	2001	1	0	5000	other	0
01	1365	Picture	mnsi	4494399	237	1	167	1	80	next	miss	0
01	1366	Picture	---fixation---	4497734	0	1	1834	1	0	4000	other	0
01	1367	Picture	mfsd	4499901	254	1	167	1	80	next	miss	0
01	1368	Picture	---fixation---	4503236	0	1	1501	1	0	4000	other	0
01	1369	Picture	mnsd	4505070	242	1	167	1	80	next	miss	0
01	1370	Picture	---fixation---	4508405	0	1	2668	1	0	6000	other	0
01	1371	Sound	si	4511004	0	1			0		miss	0
