Scenario - 
Logfile written - 11/04/2018 23:18:39

Subject	Trial	Event Type	Code	Time	TTime	Uncertainty	Duration	Uncertainty	ReqTime	ReqDur	Stim Type	Pair Index

jinbo	1	Picture	!Start EXP	333	0	1	5839	1	0	next	other	0
jinbo	1	Response	3	5968	5635	0
jinbo	2	Picture	===Block Change===	6173	0	1	7174	1	0	next	other	0
jinbo	2	Response	3	12688	6516	0
jinbo	3	Response	1	19808	6461	0
jinbo	3	Response	3	23808	10462	0
jinbo	4	Picture	---fixation---	23857	0	1	4171	1	0	4000	other	0
jinbo	5	Picture	mf	30197	80	1	167	1	80	next	hit	9
jinbo	5	Response	1	33968	3852	0
jinbo	6	Picture	---fixation---	50383	0	1	6006	1	0	6000	other	0
jinbo	7	Picture	mnsd	56890	372	1	167	1	80	next	hit	12
jinbo	7	Response	2	62928	6411	0
jinbo	8	Picture	---fixation---	76743	0	1	4171	1	0	4000	other	0
jinbo	9	Picture	mnsi	83417	385	1	167	1	80	next	incorrect	15
jinbo	9	Response	1	87488	4457	0
jinbo	10	Picture	---fixation---	103270	0	1	6340	1	0	5000	other	0
jinbo	11	Picture	mn	109943	80	1	167	1	80	next	hit	18
jinbo	11	Response	1	123088	13225	0
jinbo	12	Picture	---fixation---	130130	0	1	5839	1	0	6000	other	0
jinbo	13	Picture	mnsd	136470	409	1	167	1	80	next	hit	21
jinbo	13	Response	1	143728	7667	0
jinbo	14	Picture	---fixation---	156323	0	1	4171	1	0	4000	other	0
jinbo	15	Picture	mnsd	167000	463	1	167	1	80	next	hit	24
jinbo	15	Response	1	172450	5913	0
jinbo	16	Picture	---fixation---	186853	0	1	6006	1	0	5000	other	0
jinbo	17	Picture	mnsi	193360	410	1	167	1	80	next	hit	27
jinbo	17	Response	1	198373	5423	0
jinbo	18	Picture	---fixation---	213380	0	1	6173	1	0	5000	other	0
jinbo	19	Picture	mf	219886	80	1	167	1	80	next	hit	30
jinbo	19	Response	1	224288	4482	0
jinbo	20	Picture	---fixation---	240240	0	1	6507	1	0	6000	other	0
jinbo	21	Picture	mfsi	247247	456	1	167	1	80	next	incorrect	33
jinbo	21	Response	1	251089	4298	0
jinbo	22	Picture	---fixation---	267100	0	1	6507	1	0	6000	other	0
jinbo	23	Picture	mfsi	274107	396	1	167	1	80	next	hit	36
jinbo	23	Response	1	278289	4577	0
jinbo	23	Quit		284288	10577	NA
